11:20:18 INFO  : Launching XSCT server: xsct.bat -n  -interactive F:\zc706\vitis\temp_xsdb_launch_script.tcl
11:20:19 INFO  : Platform repository initialization has completed.
11:20:19 INFO  : Registering command handlers for Vitis TCF services
11:20:20 INFO  : XSCT server has started successfully.
11:20:20 INFO  : plnx-install-location is set to ''
11:20:20 INFO  : Successfully done setting XSCT server connection channel  
11:20:20 INFO  : Successfully done query RDI_DATADIR 
11:20:20 INFO  : Successfully done setting workspace for the tool. 
11:21:13 INFO  : Result from executing command 'getProjects': zc706
11:21:13 INFO  : Result from executing command 'getPlatforms': 
11:21:13 WARN  : An unexpected exception occurred in the module 'platform project logging'
11:21:14 INFO  : Platform 'zc706' is added to custom repositories.
11:21:22 INFO  : Platform 'zc706' is added to custom repositories.
11:22:21 INFO  : Result from executing command 'getProjects': zc706
11:22:21 INFO  : Result from executing command 'getPlatforms': zc706|F:/zc706/vitis/zc706/export/zc706/zc706.xpfm
11:22:22 INFO  : Checking for BSP changes to sync application flags for project 'zc_led'...
11:22:37 INFO  : Checking for BSP changes to sync application flags for project 'zc_led'...
11:22:57 INFO  : Connected to target on host '127.0.0.1' and port '3121'.
11:22:57 INFO  : Jtag cable 'Digilent JTAG-SMT2 210251A1B7E2' is selected.
11:22:57 INFO  : 'jtag frequency' command is executed.
11:22:57 INFO  : Context for 'APU' is selected.
11:22:58 INFO  : System reset is completed.
11:23:01 INFO  : 'after 3000' command is executed.
11:23:01 INFO  : 'targets -set -filter {jtag_cable_name =~ "Digilent JTAG-SMT2 210251A1B7E2" && level==0 && jtag_device_ctx=="jsn-JTAG-SMT2-210251A1B7E2-23731093-0"}' command is executed.
11:23:08 INFO  : Device configured successfully with "F:/zc706/zc706.runs/impl_1/design_1_wrapper.bit"
11:23:08 INFO  : Context for 'APU' is selected.
11:23:08 INFO  : Hardware design and registers information is loaded from 'F:/zc706/vitis/zc706/export/zc706/hw/zc706.xsa'.
11:23:08 INFO  : 'configparams force-mem-access 1' command is executed.
11:23:08 INFO  : Context for 'APU' is selected.
11:23:08 INFO  : Sourcing of 'F:/zc706/vitis/zc_led/_ide/psinit/ps7_init.tcl' is done.
11:23:09 INFO  : 'ps7_init' command is executed.
11:23:09 INFO  : 'ps7_post_config' command is executed.
11:23:09 INFO  : Context for processor 'ps7_cortexa9_0' is selected.
11:23:09 INFO  : The application 'F:/zc706/vitis/zc_led/Debug/zc_led.elf' is downloaded to processor 'ps7_cortexa9_0'.
11:23:09 INFO  : 'configparams force-mem-access 0' command is executed.
11:23:09 INFO  : ----------------XSDB Script----------------
connect -url tcp:127.0.0.1:3121
targets -set -nocase -filter {name =~"APU*"}
rst -system
after 3000
targets -set -filter {jtag_cable_name =~ "Digilent JTAG-SMT2 210251A1B7E2" && level==0 && jtag_device_ctx=="jsn-JTAG-SMT2-210251A1B7E2-23731093-0"}
fpga -file F:/zc706/zc706.runs/impl_1/design_1_wrapper.bit
targets -set -nocase -filter {name =~"APU*"}
loadhw -hw F:/zc706/vitis/zc706/export/zc706/hw/zc706.xsa -mem-ranges [list {0x40000000 0xbfffffff}] -regs
configparams force-mem-access 1
targets -set -nocase -filter {name =~"APU*"}
source F:/zc706/vitis/zc_led/_ide/psinit/ps7_init.tcl
ps7_init
ps7_post_config
targets -set -nocase -filter {name =~ "*A9*#0"}
dow F:/zc706/vitis/zc_led/Debug/zc_led.elf
configparams force-mem-access 0
----------------End of Script----------------

11:23:09 INFO  : Context for processor 'ps7_cortexa9_0' is selected.
11:23:09 INFO  : 'con' command is executed.
11:23:09 INFO  : ----------------XSDB Script (After Launch)----------------
targets -set -nocase -filter {name =~ "*A9*#0"}
con
----------------End of Script----------------

11:23:09 INFO  : Launch script is exported to file 'F:\zc706\vitis\zc_led_system\_ide\scripts\systemdebugger_zc_led_system_standalone.tcl'
11:25:05 INFO  : Checking for BSP changes to sync application flags for project 'zc_led'...
11:25:19 INFO  : Checking for BSP changes to sync application flags for project 'zc_led'...
11:25:36 INFO  : Disconnected from the channel tcfchan#3.
11:25:36 INFO  : Connected to target on host '127.0.0.1' and port '3121'.
11:25:36 INFO  : Jtag cable 'Digilent JTAG-SMT2 210251A1B7E2' is selected.
11:25:36 INFO  : 'jtag frequency' command is executed.
11:25:36 INFO  : Context for 'APU' is selected.
11:25:36 INFO  : System reset is completed.
11:25:39 INFO  : 'after 3000' command is executed.
11:25:39 INFO  : 'targets -set -filter {jtag_cable_name =~ "Digilent JTAG-SMT2 210251A1B7E2" && level==0 && jtag_device_ctx=="jsn-JTAG-SMT2-210251A1B7E2-23731093-0"}' command is executed.
11:25:47 INFO  : Device configured successfully with "F:/zc706/zc706.runs/impl_1/design_1_wrapper.bit"
11:25:47 INFO  : Context for 'APU' is selected.
11:25:47 INFO  : Hardware design and registers information is loaded from 'F:/zc706/vitis/zc706/export/zc706/hw/zc706.xsa'.
11:25:47 INFO  : 'configparams force-mem-access 1' command is executed.
11:25:47 INFO  : Context for 'APU' is selected.
11:25:47 INFO  : Sourcing of 'F:/zc706/vitis/zc_led/_ide/psinit/ps7_init.tcl' is done.
11:25:48 INFO  : 'ps7_init' command is executed.
11:25:48 INFO  : 'ps7_post_config' command is executed.
11:25:48 INFO  : Context for processor 'ps7_cortexa9_0' is selected.
11:25:48 INFO  : The application 'F:/zc706/vitis/zc_led/Debug/zc_led.elf' is downloaded to processor 'ps7_cortexa9_0'.
11:25:48 INFO  : 'configparams force-mem-access 0' command is executed.
11:25:48 INFO  : ----------------XSDB Script----------------
connect -url tcp:127.0.0.1:3121
targets -set -nocase -filter {name =~"APU*"}
rst -system
after 3000
targets -set -filter {jtag_cable_name =~ "Digilent JTAG-SMT2 210251A1B7E2" && level==0 && jtag_device_ctx=="jsn-JTAG-SMT2-210251A1B7E2-23731093-0"}
fpga -file F:/zc706/zc706.runs/impl_1/design_1_wrapper.bit
targets -set -nocase -filter {name =~"APU*"}
loadhw -hw F:/zc706/vitis/zc706/export/zc706/hw/zc706.xsa -mem-ranges [list {0x40000000 0xbfffffff}] -regs
configparams force-mem-access 1
targets -set -nocase -filter {name =~"APU*"}
source F:/zc706/vitis/zc_led/_ide/psinit/ps7_init.tcl
ps7_init
ps7_post_config
targets -set -nocase -filter {name =~ "*A9*#0"}
dow F:/zc706/vitis/zc_led/Debug/zc_led.elf
configparams force-mem-access 0
----------------End of Script----------------

11:25:48 INFO  : Context for processor 'ps7_cortexa9_0' is selected.
11:25:48 INFO  : 'con' command is executed.
11:25:48 INFO  : ----------------XSDB Script (After Launch)----------------
targets -set -nocase -filter {name =~ "*A9*#0"}
con
----------------End of Script----------------

11:25:48 INFO  : Launch script is exported to file 'F:\zc706\vitis\zc_led_system\_ide\scripts\systemdebugger_zc_led_system_standalone.tcl'
11:29:48 INFO  : Result from executing command 'getProjects': zc706
11:29:48 INFO  : Result from executing command 'getPlatforms': zc706|F:/zc706/vitis/zc706/export/zc706/zc706.xpfm
11:34:45 INFO  : Result from executing command 'getProjects': zc706
11:34:45 INFO  : Result from executing command 'getPlatforms': zc706|F:/zc706/vitis/zc706/export/zc706/zc706.xpfm
11:34:46 INFO  : Checking for BSP changes to sync application flags for project 'Final_Project'...
11:36:05 INFO  : Disconnected from the channel tcfchan#5.
11:36:06 INFO  : Connected to target on host '127.0.0.1' and port '3121'.
11:36:06 INFO  : Jtag cable 'Digilent JTAG-SMT2 210251A1B7E2' is selected.
11:36:06 INFO  : 'jtag frequency' command is executed.
11:36:08 INFO  : Context for 'APU' is selected.
11:36:08 INFO  : System reset is completed.
11:36:11 INFO  : 'after 3000' command is executed.
11:36:11 INFO  : 'targets -set -filter {jtag_cable_name =~ "Digilent JTAG-SMT2 210251A1B7E2" && level==0 && jtag_device_ctx=="jsn-JTAG-SMT2-210251A1B7E2-23731093-0"}' command is executed.
11:36:19 INFO  : Device configured successfully with "F:/zc706/zc706.runs/impl_1/design_1_wrapper.bit"
11:36:19 INFO  : Context for 'APU' is selected.
11:36:19 INFO  : Hardware design and registers information is loaded from 'F:/zc706/vitis/zc706/export/zc706/hw/zc706.xsa'.
11:36:19 INFO  : 'configparams force-mem-access 1' command is executed.
11:36:19 INFO  : Context for 'APU' is selected.
11:36:19 INFO  : Sourcing of 'F:/zc706/vitis/Final_Project/_ide/psinit/ps7_init.tcl' is done.
11:36:19 INFO  : 'ps7_init' command is executed.
11:36:19 INFO  : 'ps7_post_config' command is executed.
11:36:19 INFO  : Context for processor 'ps7_cortexa9_0' is selected.
11:36:20 INFO  : The application 'F:/zc706/vitis/Final_Project/Debug/Final_Project.elf' is downloaded to processor 'ps7_cortexa9_0'.
11:36:20 INFO  : 'configparams force-mem-access 0' command is executed.
11:36:20 INFO  : ----------------XSDB Script----------------
connect -url tcp:127.0.0.1:3121
targets -set -nocase -filter {name =~"APU*"}
rst -system
after 3000
targets -set -filter {jtag_cable_name =~ "Digilent JTAG-SMT2 210251A1B7E2" && level==0 && jtag_device_ctx=="jsn-JTAG-SMT2-210251A1B7E2-23731093-0"}
fpga -file F:/zc706/zc706.runs/impl_1/design_1_wrapper.bit
targets -set -nocase -filter {name =~"APU*"}
loadhw -hw F:/zc706/vitis/zc706/export/zc706/hw/zc706.xsa -mem-ranges [list {0x40000000 0xbfffffff}] -regs
configparams force-mem-access 1
targets -set -nocase -filter {name =~"APU*"}
source F:/zc706/vitis/Final_Project/_ide/psinit/ps7_init.tcl
ps7_init
ps7_post_config
targets -set -nocase -filter {name =~ "*A9*#0"}
dow F:/zc706/vitis/Final_Project/Debug/Final_Project.elf
configparams force-mem-access 0
----------------End of Script----------------

11:36:20 INFO  : Context for processor 'ps7_cortexa9_0' is selected.
11:36:20 INFO  : 'con' command is executed.
11:36:20 INFO  : ----------------XSDB Script (After Launch)----------------
targets -set -nocase -filter {name =~ "*A9*#0"}
con
----------------End of Script----------------

11:36:20 INFO  : Launch script is exported to file 'F:\zc706\vitis\Final_Project_system\_ide\scripts\systemdebugger_final_project_system_standalone.tcl'
11:39:49 INFO  : Disconnected from the channel tcfchan#8.
11:41:19 INFO  : Checking for BSP changes to sync application flags for project 'Final_Project'...
11:41:26 INFO  : Checking for BSP changes to sync application flags for project 'Final_Project'...
11:41:42 INFO  : Connected to target on host '127.0.0.1' and port '3121'.
11:41:43 INFO  : Jtag cable 'Digilent JTAG-SMT2 210251A1B7E2' is selected.
11:41:43 INFO  : 'jtag frequency' command is executed.
11:41:43 INFO  : Context for 'APU' is selected.
11:41:43 INFO  : System reset is completed.
11:41:46 INFO  : 'after 3000' command is executed.
11:41:46 INFO  : 'targets -set -filter {jtag_cable_name =~ "Digilent JTAG-SMT2 210251A1B7E2" && level==0 && jtag_device_ctx=="jsn-JTAG-SMT2-210251A1B7E2-23731093-0"}' command is executed.
11:41:54 INFO  : Device configured successfully with "F:/zc706/zc706.runs/impl_1/design_1_wrapper.bit"
11:41:54 INFO  : Context for 'APU' is selected.
11:41:54 INFO  : Hardware design and registers information is loaded from 'F:/zc706/vitis/zc706/export/zc706/hw/zc706.xsa'.
11:41:54 INFO  : 'configparams force-mem-access 1' command is executed.
11:41:54 INFO  : Context for 'APU' is selected.
11:41:54 INFO  : Sourcing of 'F:/zc706/vitis/Final_Project/_ide/psinit/ps7_init.tcl' is done.
11:41:54 INFO  : 'ps7_init' command is executed.
11:41:54 INFO  : 'ps7_post_config' command is executed.
11:41:54 INFO  : Context for processor 'ps7_cortexa9_0' is selected.
11:41:55 INFO  : The application 'F:/zc706/vitis/Final_Project/Debug/Final_Project.elf' is downloaded to processor 'ps7_cortexa9_0'.
11:41:55 INFO  : 'configparams force-mem-access 0' command is executed.
11:41:55 INFO  : ----------------XSDB Script----------------
connect -url tcp:127.0.0.1:3121
targets -set -nocase -filter {name =~"APU*"}
rst -system
after 3000
targets -set -filter {jtag_cable_name =~ "Digilent JTAG-SMT2 210251A1B7E2" && level==0 && jtag_device_ctx=="jsn-JTAG-SMT2-210251A1B7E2-23731093-0"}
fpga -file F:/zc706/zc706.runs/impl_1/design_1_wrapper.bit
targets -set -nocase -filter {name =~"APU*"}
loadhw -hw F:/zc706/vitis/zc706/export/zc706/hw/zc706.xsa -mem-ranges [list {0x40000000 0xbfffffff}] -regs
configparams force-mem-access 1
targets -set -nocase -filter {name =~"APU*"}
source F:/zc706/vitis/Final_Project/_ide/psinit/ps7_init.tcl
ps7_init
ps7_post_config
targets -set -nocase -filter {name =~ "*A9*#0"}
dow F:/zc706/vitis/Final_Project/Debug/Final_Project.elf
configparams force-mem-access 0
----------------End of Script----------------

11:41:55 INFO  : Context for processor 'ps7_cortexa9_0' is selected.
11:41:55 INFO  : 'con' command is executed.
11:41:55 INFO  : ----------------XSDB Script (After Launch)----------------
targets -set -nocase -filter {name =~ "*A9*#0"}
con
----------------End of Script----------------

11:41:55 INFO  : Launch script is exported to file 'F:\zc706\vitis\Final_Project_system\_ide\scripts\systemdebugger_final_project_system_standalone.tcl'
11:44:48 INFO  : Checking for BSP changes to sync application flags for project 'Final_Project'...
11:45:10 INFO  : Disconnected from the channel tcfchan#10.
11:45:10 INFO  : Connected to target on host '127.0.0.1' and port '3121'.
11:45:10 INFO  : Jtag cable 'Digilent JTAG-SMT2 210251A1B7E2' is selected.
11:45:10 INFO  : 'jtag frequency' command is executed.
11:45:10 INFO  : Context for 'APU' is selected.
11:45:10 INFO  : System reset is completed.
11:45:13 INFO  : 'after 3000' command is executed.
11:45:13 INFO  : 'targets -set -filter {jtag_cable_name =~ "Digilent JTAG-SMT2 210251A1B7E2" && level==0 && jtag_device_ctx=="jsn-JTAG-SMT2-210251A1B7E2-23731093-0"}' command is executed.
11:45:21 INFO  : Device configured successfully with "F:/zc706/zc706.runs/impl_1/design_1_wrapper.bit"
11:45:21 INFO  : Context for 'APU' is selected.
11:45:21 INFO  : Hardware design and registers information is loaded from 'F:/zc706/vitis/zc706/export/zc706/hw/zc706.xsa'.
11:45:21 INFO  : 'configparams force-mem-access 1' command is executed.
11:45:21 INFO  : Context for 'APU' is selected.
11:45:21 INFO  : Sourcing of 'F:/zc706/vitis/Final_Project/_ide/psinit/ps7_init.tcl' is done.
11:45:22 INFO  : 'ps7_init' command is executed.
11:45:22 INFO  : 'ps7_post_config' command is executed.
11:45:22 INFO  : Context for processor 'ps7_cortexa9_0' is selected.
11:45:22 INFO  : The application 'F:/zc706/vitis/Final_Project/Debug/Final_Project.elf' is downloaded to processor 'ps7_cortexa9_0'.
11:45:22 INFO  : 'configparams force-mem-access 0' command is executed.
11:45:22 INFO  : ----------------XSDB Script----------------
connect -url tcp:127.0.0.1:3121
targets -set -nocase -filter {name =~"APU*"}
rst -system
after 3000
targets -set -filter {jtag_cable_name =~ "Digilent JTAG-SMT2 210251A1B7E2" && level==0 && jtag_device_ctx=="jsn-JTAG-SMT2-210251A1B7E2-23731093-0"}
fpga -file F:/zc706/zc706.runs/impl_1/design_1_wrapper.bit
targets -set -nocase -filter {name =~"APU*"}
loadhw -hw F:/zc706/vitis/zc706/export/zc706/hw/zc706.xsa -mem-ranges [list {0x40000000 0xbfffffff}] -regs
configparams force-mem-access 1
targets -set -nocase -filter {name =~"APU*"}
source F:/zc706/vitis/Final_Project/_ide/psinit/ps7_init.tcl
ps7_init
ps7_post_config
targets -set -nocase -filter {name =~ "*A9*#0"}
dow F:/zc706/vitis/Final_Project/Debug/Final_Project.elf
configparams force-mem-access 0
----------------End of Script----------------

11:45:22 INFO  : Context for processor 'ps7_cortexa9_0' is selected.
11:45:22 INFO  : 'con' command is executed.
11:45:22 INFO  : ----------------XSDB Script (After Launch)----------------
targets -set -nocase -filter {name =~ "*A9*#0"}
con
----------------End of Script----------------

11:45:22 INFO  : Launch script is exported to file 'F:\zc706\vitis\Final_Project_system\_ide\scripts\systemdebugger_final_project_system_standalone.tcl'
11:46:13 INFO  : Checking for BSP changes to sync application flags for project 'Final_Project'...
11:46:18 INFO  : Disconnected from the channel tcfchan#11.
11:46:18 INFO  : Connected to target on host '127.0.0.1' and port '3121'.
11:46:18 INFO  : Jtag cable 'Digilent JTAG-SMT2 210251A1B7E2' is selected.
11:46:18 INFO  : 'jtag frequency' command is executed.
11:46:18 INFO  : Context for 'APU' is selected.
11:46:18 INFO  : System reset is completed.
11:46:21 INFO  : 'after 3000' command is executed.
11:46:21 INFO  : 'targets -set -filter {jtag_cable_name =~ "Digilent JTAG-SMT2 210251A1B7E2" && level==0 && jtag_device_ctx=="jsn-JTAG-SMT2-210251A1B7E2-23731093-0"}' command is executed.
11:46:29 INFO  : Device configured successfully with "F:/zc706/zc706.runs/impl_1/design_1_wrapper.bit"
11:46:29 INFO  : Context for 'APU' is selected.
11:46:29 INFO  : Hardware design and registers information is loaded from 'F:/zc706/vitis/zc706/export/zc706/hw/zc706.xsa'.
11:46:29 INFO  : 'configparams force-mem-access 1' command is executed.
11:46:29 INFO  : Context for 'APU' is selected.
11:46:29 INFO  : Sourcing of 'F:/zc706/vitis/Final_Project/_ide/psinit/ps7_init.tcl' is done.
11:46:29 INFO  : 'ps7_init' command is executed.
11:46:29 INFO  : 'ps7_post_config' command is executed.
11:46:29 INFO  : Context for processor 'ps7_cortexa9_0' is selected.
11:46:30 INFO  : The application 'F:/zc706/vitis/Final_Project/Debug/Final_Project.elf' is downloaded to processor 'ps7_cortexa9_0'.
11:46:30 INFO  : 'configparams force-mem-access 0' command is executed.
11:46:30 INFO  : ----------------XSDB Script----------------
connect -url tcp:127.0.0.1:3121
targets -set -nocase -filter {name =~"APU*"}
rst -system
after 3000
targets -set -filter {jtag_cable_name =~ "Digilent JTAG-SMT2 210251A1B7E2" && level==0 && jtag_device_ctx=="jsn-JTAG-SMT2-210251A1B7E2-23731093-0"}
fpga -file F:/zc706/zc706.runs/impl_1/design_1_wrapper.bit
targets -set -nocase -filter {name =~"APU*"}
loadhw -hw F:/zc706/vitis/zc706/export/zc706/hw/zc706.xsa -mem-ranges [list {0x40000000 0xbfffffff}] -regs
configparams force-mem-access 1
targets -set -nocase -filter {name =~"APU*"}
source F:/zc706/vitis/Final_Project/_ide/psinit/ps7_init.tcl
ps7_init
ps7_post_config
targets -set -nocase -filter {name =~ "*A9*#0"}
dow F:/zc706/vitis/Final_Project/Debug/Final_Project.elf
configparams force-mem-access 0
----------------End of Script----------------

11:46:30 INFO  : Context for processor 'ps7_cortexa9_0' is selected.
11:46:30 INFO  : 'con' command is executed.
11:46:30 INFO  : ----------------XSDB Script (After Launch)----------------
targets -set -nocase -filter {name =~ "*A9*#0"}
con
----------------End of Script----------------

11:46:30 INFO  : Launch script is exported to file 'F:\zc706\vitis\Final_Project_system\_ide\scripts\systemdebugger_final_project_system_standalone.tcl'
11:48:41 INFO  : Checking for BSP changes to sync application flags for project 'Final_Project'...
11:48:45 INFO  : Disconnected from the channel tcfchan#12.
11:48:45 INFO  : Connected to target on host '127.0.0.1' and port '3121'.
11:48:45 INFO  : Jtag cable 'Digilent JTAG-SMT2 210251A1B7E2' is selected.
11:48:45 INFO  : 'jtag frequency' command is executed.
11:48:45 INFO  : Context for 'APU' is selected.
11:48:46 INFO  : System reset is completed.
11:48:49 INFO  : 'after 3000' command is executed.
11:48:49 INFO  : 'targets -set -filter {jtag_cable_name =~ "Digilent JTAG-SMT2 210251A1B7E2" && level==0 && jtag_device_ctx=="jsn-JTAG-SMT2-210251A1B7E2-23731093-0"}' command is executed.
11:48:56 INFO  : Device configured successfully with "F:/zc706/zc706.runs/impl_1/design_1_wrapper.bit"
11:48:56 INFO  : Context for 'APU' is selected.
11:48:56 INFO  : Hardware design and registers information is loaded from 'F:/zc706/vitis/zc706/export/zc706/hw/zc706.xsa'.
11:48:56 INFO  : 'configparams force-mem-access 1' command is executed.
11:48:56 INFO  : Context for 'APU' is selected.
11:48:56 INFO  : Sourcing of 'F:/zc706/vitis/Final_Project/_ide/psinit/ps7_init.tcl' is done.
11:48:57 INFO  : 'ps7_init' command is executed.
11:48:57 INFO  : 'ps7_post_config' command is executed.
11:48:57 INFO  : Context for processor 'ps7_cortexa9_0' is selected.
11:48:57 INFO  : The application 'F:/zc706/vitis/Final_Project/Debug/Final_Project.elf' is downloaded to processor 'ps7_cortexa9_0'.
11:48:57 INFO  : 'configparams force-mem-access 0' command is executed.
11:48:57 INFO  : ----------------XSDB Script----------------
connect -url tcp:127.0.0.1:3121
targets -set -nocase -filter {name =~"APU*"}
rst -system
after 3000
targets -set -filter {jtag_cable_name =~ "Digilent JTAG-SMT2 210251A1B7E2" && level==0 && jtag_device_ctx=="jsn-JTAG-SMT2-210251A1B7E2-23731093-0"}
fpga -file F:/zc706/zc706.runs/impl_1/design_1_wrapper.bit
targets -set -nocase -filter {name =~"APU*"}
loadhw -hw F:/zc706/vitis/zc706/export/zc706/hw/zc706.xsa -mem-ranges [list {0x40000000 0xbfffffff}] -regs
configparams force-mem-access 1
targets -set -nocase -filter {name =~"APU*"}
source F:/zc706/vitis/Final_Project/_ide/psinit/ps7_init.tcl
ps7_init
ps7_post_config
targets -set -nocase -filter {name =~ "*A9*#0"}
dow F:/zc706/vitis/Final_Project/Debug/Final_Project.elf
configparams force-mem-access 0
----------------End of Script----------------

11:48:57 INFO  : Context for processor 'ps7_cortexa9_0' is selected.
11:48:57 INFO  : 'con' command is executed.
11:48:57 INFO  : ----------------XSDB Script (After Launch)----------------
targets -set -nocase -filter {name =~ "*A9*#0"}
con
----------------End of Script----------------

11:48:57 INFO  : Launch script is exported to file 'F:\zc706\vitis\Final_Project_system\_ide\scripts\systemdebugger_final_project_system_standalone.tcl'
11:50:19 INFO  : Checking for BSP changes to sync application flags for project 'Final_Project'...
11:50:23 INFO  : Disconnected from the channel tcfchan#13.
11:50:23 INFO  : Connected to target on host '127.0.0.1' and port '3121'.
11:50:23 INFO  : Jtag cable 'Digilent JTAG-SMT2 210251A1B7E2' is selected.
11:50:23 INFO  : 'jtag frequency' command is executed.
11:50:23 INFO  : Context for 'APU' is selected.
11:50:23 INFO  : System reset is completed.
11:50:26 INFO  : 'after 3000' command is executed.
11:50:26 INFO  : 'targets -set -filter {jtag_cable_name =~ "Digilent JTAG-SMT2 210251A1B7E2" && level==0 && jtag_device_ctx=="jsn-JTAG-SMT2-210251A1B7E2-23731093-0"}' command is executed.
11:50:34 INFO  : Device configured successfully with "F:/zc706/zc706.runs/impl_1/design_1_wrapper.bit"
11:50:34 INFO  : Context for 'APU' is selected.
11:50:34 INFO  : Hardware design and registers information is loaded from 'F:/zc706/vitis/zc706/export/zc706/hw/zc706.xsa'.
11:50:34 INFO  : 'configparams force-mem-access 1' command is executed.
11:50:34 INFO  : Context for 'APU' is selected.
11:50:34 INFO  : Sourcing of 'F:/zc706/vitis/Final_Project/_ide/psinit/ps7_init.tcl' is done.
11:50:35 INFO  : 'ps7_init' command is executed.
11:50:35 INFO  : 'ps7_post_config' command is executed.
11:50:35 INFO  : Context for processor 'ps7_cortexa9_0' is selected.
11:50:35 INFO  : The application 'F:/zc706/vitis/Final_Project/Debug/Final_Project.elf' is downloaded to processor 'ps7_cortexa9_0'.
11:50:35 INFO  : 'configparams force-mem-access 0' command is executed.
11:50:35 INFO  : ----------------XSDB Script----------------
connect -url tcp:127.0.0.1:3121
targets -set -nocase -filter {name =~"APU*"}
rst -system
after 3000
targets -set -filter {jtag_cable_name =~ "Digilent JTAG-SMT2 210251A1B7E2" && level==0 && jtag_device_ctx=="jsn-JTAG-SMT2-210251A1B7E2-23731093-0"}
fpga -file F:/zc706/zc706.runs/impl_1/design_1_wrapper.bit
targets -set -nocase -filter {name =~"APU*"}
loadhw -hw F:/zc706/vitis/zc706/export/zc706/hw/zc706.xsa -mem-ranges [list {0x40000000 0xbfffffff}] -regs
configparams force-mem-access 1
targets -set -nocase -filter {name =~"APU*"}
source F:/zc706/vitis/Final_Project/_ide/psinit/ps7_init.tcl
ps7_init
ps7_post_config
targets -set -nocase -filter {name =~ "*A9*#0"}
dow F:/zc706/vitis/Final_Project/Debug/Final_Project.elf
configparams force-mem-access 0
----------------End of Script----------------

11:50:35 INFO  : Context for processor 'ps7_cortexa9_0' is selected.
11:50:35 INFO  : 'con' command is executed.
11:50:35 INFO  : ----------------XSDB Script (After Launch)----------------
targets -set -nocase -filter {name =~ "*A9*#0"}
con
----------------End of Script----------------

11:50:35 INFO  : Launch script is exported to file 'F:\zc706\vitis\Final_Project_system\_ide\scripts\systemdebugger_final_project_system_standalone.tcl'
11:56:09 INFO  : Disconnected from the channel tcfchan#14.
11:56:09 INFO  : Connected to target on host '127.0.0.1' and port '3121'.
11:56:09 INFO  : Jtag cable 'Digilent JTAG-SMT2 210251A1B7E2' is selected.
11:56:09 INFO  : 'jtag frequency' command is executed.
11:56:09 INFO  : Context for 'APU' is selected.
11:56:09 INFO  : System reset is completed.
11:56:12 INFO  : 'after 3000' command is executed.
11:56:12 INFO  : 'targets -set -filter {jtag_cable_name =~ "Digilent JTAG-SMT2 210251A1B7E2" && level==0 && jtag_device_ctx=="jsn-JTAG-SMT2-210251A1B7E2-23731093-0"}' command is executed.
11:56:12 ERROR : couldn't open "F:/zc706/zc706.runs/impl_1/design_1_wrapper.bit": no such file or directory
11:56:12 ERROR : Exception occured while running Program Device.
java.lang.RuntimeException: couldn't open "F:/zc706/zc706.runs/impl_1/design_1_wrapper.bit": no such file or directory
11:56:12 INFO  : ----------------XSDB Script----------------
connect -url tcp:127.0.0.1:3121
targets -set -nocase -filter {name =~"APU*"}
rst -system
after 3000
----------------End of Script----------------

11:56:12 ERROR : couldn't open "F:/zc706/zc706.runs/impl_1/design_1_wrapper.bit": no such file or directory
11:56:47 INFO  : Connected to target on host '127.0.0.1' and port '3121'.
11:56:47 INFO  : Jtag cable 'Digilent JTAG-SMT2 210251A1B7E2' is selected.
11:56:47 INFO  : 'jtag frequency' command is executed.
11:56:47 INFO  : Context for 'APU' is selected.
11:56:47 INFO  : System reset is completed.
11:56:50 INFO  : 'after 3000' command is executed.
11:56:50 INFO  : 'targets -set -filter {jtag_cable_name =~ "Digilent JTAG-SMT2 210251A1B7E2" && level==0 && jtag_device_ctx=="jsn-JTAG-SMT2-210251A1B7E2-23731093-0"}' command is executed.
11:56:58 INFO  : Device configured successfully with "F:/zc706/vitis/Final_Project/_ide/bitstream/zc706.bit"
11:56:58 INFO  : Context for 'APU' is selected.
11:56:58 INFO  : Hardware design and registers information is loaded from 'F:/zc706/vitis/zc706/export/zc706/hw/zc706.xsa'.
11:56:58 INFO  : 'configparams force-mem-access 1' command is executed.
11:56:58 INFO  : Context for 'APU' is selected.
11:56:58 INFO  : Sourcing of 'F:/zc706/vitis/Final_Project/_ide/psinit/ps7_init.tcl' is done.
11:56:58 INFO  : 'ps7_init' command is executed.
11:56:58 INFO  : 'ps7_post_config' command is executed.
11:56:58 INFO  : Context for processor 'ps7_cortexa9_0' is selected.
11:56:59 INFO  : The application 'F:/zc706/vitis/Final_Project/Debug/Final_Project.elf' is downloaded to processor 'ps7_cortexa9_0'.
11:56:59 INFO  : 'configparams force-mem-access 0' command is executed.
11:56:59 INFO  : ----------------XSDB Script----------------
connect -url tcp:127.0.0.1:3121
targets -set -nocase -filter {name =~"APU*"}
rst -system
after 3000
targets -set -filter {jtag_cable_name =~ "Digilent JTAG-SMT2 210251A1B7E2" && level==0 && jtag_device_ctx=="jsn-JTAG-SMT2-210251A1B7E2-23731093-0"}
fpga -file F:/zc706/vitis/Final_Project/_ide/bitstream/zc706.bit
targets -set -nocase -filter {name =~"APU*"}
loadhw -hw F:/zc706/vitis/zc706/export/zc706/hw/zc706.xsa -mem-ranges [list {0x40000000 0xbfffffff}] -regs
configparams force-mem-access 1
targets -set -nocase -filter {name =~"APU*"}
source F:/zc706/vitis/Final_Project/_ide/psinit/ps7_init.tcl
ps7_init
ps7_post_config
targets -set -nocase -filter {name =~ "*A9*#0"}
dow F:/zc706/vitis/Final_Project/Debug/Final_Project.elf
configparams force-mem-access 0
----------------End of Script----------------

11:56:59 INFO  : Context for processor 'ps7_cortexa9_0' is selected.
11:56:59 INFO  : 'con' command is executed.
11:56:59 INFO  : ----------------XSDB Script (After Launch)----------------
targets -set -nocase -filter {name =~ "*A9*#0"}
con
----------------End of Script----------------

11:56:59 INFO  : Launch script is exported to file 'F:\zc706\vitis\Final_Project_system\_ide\scripts\systemdebugger_final_project_system_standalone.tcl'
13:54:03 INFO  : Hardware specification for platform project 'zc706' is updated.
13:54:53 INFO  : Result from executing command 'removePlatformRepo': 
13:57:33 INFO  : Result from executing command 'getProjects': zc706
13:57:35 INFO  : Result from executing command 'getPlatforms': 
13:57:46 INFO  : Result from executing command 'getProjects': zc706
13:57:46 INFO  : Result from executing command 'getPlatforms': zc706|F:/zc706/vitis/zc706/export/zc706/zc706.xpfm
13:57:46 INFO  : Checking for BSP changes to sync application flags for project 'Final_Project'...
13:57:53 INFO  : The hardware specification used by project 'Final_Project' is out of sync with the platform. Resource files extracted from the hardware specification will be updated.
13:57:53 INFO  : The file 'F:\zc706\vitis\Final_Project\_ide\bitstream\zc706.bit' stored in project is removed.
13:57:53 INFO  : The updated bitstream files are copied from platform to folder 'F:\zc706\vitis\Final_Project\_ide\bitstream' in project 'Final_Project'.
13:57:53 INFO  : The file 'F:\zc706\vitis\Final_Project\_ide\psinit\ps7_init.tcl' stored in project is removed.
13:57:58 INFO  : The updated ps init files are copied from platform to folder 'F:\zc706\vitis\Final_Project\_ide\psinit' in project 'Final_Project'.
14:01:34 INFO  : Checking for BSP changes to sync application flags for project 'Final_Project'...
14:01:39 INFO  : Checking for BSP changes to sync application flags for project 'Final_Project'...
14:02:29 INFO  : Disconnected from the channel tcfchan#15.
14:02:29 INFO  : Connected to target on host '127.0.0.1' and port '3121'.
14:02:29 INFO  : Jtag cable 'Digilent JTAG-SMT2 210251A1B7E2' is selected.
14:02:29 INFO  : 'jtag frequency' command is executed.
14:02:29 INFO  : Context for 'APU' is selected.
14:02:30 INFO  : System reset is completed.
14:02:32 ERROR : 'after 3000' is cancelled.
14:02:32 INFO  : ----------------XSDB Script----------------
connect -url tcp:127.0.0.1:3121
targets -set -nocase -filter {name =~"APU*"}
rst -system
after 3000
----------------End of Script----------------

14:02:32 ERROR : 'after 3000' is cancelled.
14:02:49 INFO  : Connected to target on host '127.0.0.1' and port '3121'.
14:02:50 INFO  : Jtag cable 'Digilent JTAG-SMT2 210251A1B7E2' is selected.
14:02:50 INFO  : 'jtag frequency' command is executed.
14:02:50 INFO  : Context for 'APU' is selected.
14:02:50 INFO  : System reset is completed.
14:02:53 INFO  : 'after 3000' command is executed.
14:02:53 INFO  : 'targets -set -filter {jtag_cable_name =~ "Digilent JTAG-SMT2 210251A1B7E2" && level==0 && jtag_device_ctx=="jsn-JTAG-SMT2-210251A1B7E2-23731093-0"}' command is executed.
14:03:00 INFO  : Device configured successfully with "F:/zc706/vitis/Final_Project/_ide/bitstream/design_1_wrapper.bit"
14:03:00 INFO  : Context for 'APU' is selected.
14:03:00 INFO  : Hardware design and registers information is loaded from 'F:/zc706/vitis/zc706/export/zc706/hw/zc7060.xsa'.
14:03:00 INFO  : 'configparams force-mem-access 1' command is executed.
14:03:00 INFO  : Context for 'APU' is selected.
14:03:00 INFO  : Sourcing of 'F:/zc706/vitis/Final_Project/_ide/psinit/ps7_init.tcl' is done.
14:03:01 INFO  : 'ps7_init' command is executed.
14:03:01 INFO  : 'ps7_post_config' command is executed.
14:03:01 INFO  : Context for processor 'ps7_cortexa9_0' is selected.
14:03:01 INFO  : The application 'F:/zc706/vitis/Final_Project/Debug/Final_Project.elf' is downloaded to processor 'ps7_cortexa9_0'.
14:03:01 INFO  : 'configparams force-mem-access 0' command is executed.
14:03:01 INFO  : ----------------XSDB Script----------------
connect -url tcp:127.0.0.1:3121
targets -set -nocase -filter {name =~"APU*"}
rst -system
after 3000
targets -set -filter {jtag_cable_name =~ "Digilent JTAG-SMT2 210251A1B7E2" && level==0 && jtag_device_ctx=="jsn-JTAG-SMT2-210251A1B7E2-23731093-0"}
fpga -file F:/zc706/vitis/Final_Project/_ide/bitstream/design_1_wrapper.bit
targets -set -nocase -filter {name =~"APU*"}
loadhw -hw F:/zc706/vitis/zc706/export/zc706/hw/zc7060.xsa -mem-ranges [list {0x40000000 0xbfffffff}] -regs
configparams force-mem-access 1
targets -set -nocase -filter {name =~"APU*"}
source F:/zc706/vitis/Final_Project/_ide/psinit/ps7_init.tcl
ps7_init
ps7_post_config
targets -set -nocase -filter {name =~ "*A9*#0"}
dow F:/zc706/vitis/Final_Project/Debug/Final_Project.elf
configparams force-mem-access 0
----------------End of Script----------------

14:03:01 INFO  : Context for processor 'ps7_cortexa9_0' is selected.
14:03:02 INFO  : 'con' command is executed.
14:03:02 INFO  : ----------------XSDB Script (After Launch)----------------
targets -set -nocase -filter {name =~ "*A9*#0"}
con
----------------End of Script----------------

14:03:02 INFO  : Launch script is exported to file 'F:\zc706\vitis\Final_Project_system\_ide\scripts\systemdebugger_final_project_system_standalone.tcl'
14:10:55 INFO  : Hardware specification for platform project 'zc706' is updated.
14:11:06 INFO  : Result from executing command 'removePlatformRepo': 
14:11:54 INFO  : Result from executing command 'getProjects': zc706
14:11:54 INFO  : Result from executing command 'getPlatforms': 
14:11:57 INFO  : Checking for BSP changes to sync application flags for project 'Final_Project'...
14:12:00 INFO  : The hardware specification used by project 'Final_Project' is out of sync with the platform. Resource files extracted from the hardware specification will be updated.
14:12:00 INFO  : The file 'F:\zc706\vitis\Final_Project\_ide\bitstream\design_1_wrapper.bit' stored in project is removed.
14:12:00 INFO  : The updated bitstream files are copied from platform to folder 'F:\zc706\vitis\Final_Project\_ide\bitstream' in project 'Final_Project'.
14:12:00 INFO  : The file 'F:\zc706\vitis\Final_Project\_ide\psinit\ps7_init.tcl' stored in project is removed.
14:12:05 INFO  : The updated ps init files are copied from platform to folder 'F:\zc706\vitis\Final_Project\_ide\psinit' in project 'Final_Project'.
14:12:22 INFO  : Disconnected from the channel tcfchan#21.
14:12:22 INFO  : Connected to target on host '127.0.0.1' and port '3121'.
14:12:22 INFO  : Jtag cable 'Digilent JTAG-SMT2 210251A1B7E2' is selected.
14:12:22 INFO  : 'jtag frequency' command is executed.
14:12:22 INFO  : Context for 'APU' is selected.
14:12:22 INFO  : System reset is completed.
14:12:25 INFO  : 'after 3000' command is executed.
14:12:25 INFO  : 'targets -set -filter {jtag_cable_name =~ "Digilent JTAG-SMT2 210251A1B7E2" && level==0 && jtag_device_ctx=="jsn-JTAG-SMT2-210251A1B7E2-23731093-0"}' command is executed.
14:12:33 INFO  : Device configured successfully with "F:/zc706/vitis/Final_Project/_ide/bitstream/design_1_wrapper.bit"
14:12:33 INFO  : Connected to target on host '127.0.0.1' and port '3121'.
14:12:33 INFO  : Context for 'APU' is selected.
14:12:33 INFO  : Hardware design and registers information is loaded from 'F:/zc706/vitis/zc706/export/zc706/hw/design_1_wrapper.xsa'.
14:12:33 INFO  : 'configparams force-mem-access 1' command is executed.
14:12:33 INFO  : Context for 'APU' is selected.
14:12:33 INFO  : Sourcing of 'F:/zc706/vitis/Final_Project/_ide/psinit/ps7_init.tcl' is done.
14:12:33 INFO  : 'ps7_init' command is executed.
14:12:33 INFO  : 'ps7_post_config' command is executed.
14:12:33 INFO  : Context for processor 'ps7_cortexa9_0' is selected.
14:12:34 INFO  : The application 'F:/zc706/vitis/Final_Project/Debug/Final_Project.elf' is downloaded to processor 'ps7_cortexa9_0'.
14:12:34 INFO  : 'configparams force-mem-access 0' command is executed.
14:12:34 INFO  : ----------------XSDB Script----------------
connect -url tcp:127.0.0.1:3121
targets -set -nocase -filter {name =~"APU*"}
rst -system
after 3000
targets -set -filter {jtag_cable_name =~ "Digilent JTAG-SMT2 210251A1B7E2" && level==0 && jtag_device_ctx=="jsn-JTAG-SMT2-210251A1B7E2-23731093-0"}
fpga -file F:/zc706/vitis/Final_Project/_ide/bitstream/design_1_wrapper.bit
targets -set -nocase -filter {name =~"APU*"}
loadhw -hw F:/zc706/vitis/zc706/export/zc706/hw/design_1_wrapper.xsa -mem-ranges [list {0x40000000 0xbfffffff}] -regs
configparams force-mem-access 1
targets -set -nocase -filter {name =~"APU*"}
source F:/zc706/vitis/Final_Project/_ide/psinit/ps7_init.tcl
ps7_init
ps7_post_config
targets -set -nocase -filter {name =~ "*A9*#0"}
dow F:/zc706/vitis/Final_Project/Debug/Final_Project.elf
configparams force-mem-access 0
----------------End of Script----------------

14:12:34 INFO  : Jtag cable 'Digilent JTAG-SMT2 210251A1B7E2' is selected.
14:12:34 INFO  : 'jtag frequency' command is executed.
14:12:34 INFO  : Context for processor 'ps7_cortexa9_0' is selected.
14:12:34 INFO  : Context for 'APU' is selected.
14:12:34 INFO  : 'con' command is executed.
14:12:34 INFO  : ----------------XSDB Script (After Launch)----------------
targets -set -nocase -filter {name =~ "*A9*#0"}
con
----------------End of Script----------------

14:12:34 INFO  : Launch script is exported to file 'F:\zc706\vitis\Final_Project_system\_ide\scripts\systemdebugger_final_project_system_standalone.tcl'
14:12:34 INFO  : System reset is completed.
14:12:37 INFO  : 'after 3000' command is executed.
14:12:37 INFO  : 'targets -set -filter {jtag_cable_name =~ "Digilent JTAG-SMT2 210251A1B7E2" && level==0 && jtag_device_ctx=="jsn-JTAG-SMT2-210251A1B7E2-23731093-0"}' command is executed.
14:12:45 INFO  : Device configured successfully with "F:/zc706/vitis/Final_Project/_ide/bitstream/design_1_wrapper.bit"
14:12:45 INFO  : Context for 'APU' is selected.
14:12:45 INFO  : Hardware design and registers information is loaded from 'F:/zc706/vitis/zc706/export/zc706/hw/design_1_wrapper.xsa'.
14:12:45 INFO  : 'configparams force-mem-access 1' command is executed.
14:12:45 INFO  : Context for 'APU' is selected.
14:12:45 INFO  : Sourcing of 'F:/zc706/vitis/Final_Project/_ide/psinit/ps7_init.tcl' is done.
14:12:45 INFO  : 'ps7_init' command is executed.
14:12:45 INFO  : 'ps7_post_config' command is executed.
14:12:45 INFO  : Context for processor 'ps7_cortexa9_0' is selected.
14:12:46 INFO  : The application 'F:/zc706/vitis/Final_Project/Debug/Final_Project.elf' is downloaded to processor 'ps7_cortexa9_0'.
14:12:46 INFO  : 'configparams force-mem-access 0' command is executed.
14:12:46 INFO  : ----------------XSDB Script----------------
connect -url tcp:127.0.0.1:3121
targets -set -nocase -filter {name =~"APU*"}
rst -system
after 3000
targets -set -filter {jtag_cable_name =~ "Digilent JTAG-SMT2 210251A1B7E2" && level==0 && jtag_device_ctx=="jsn-JTAG-SMT2-210251A1B7E2-23731093-0"}
fpga -file F:/zc706/vitis/Final_Project/_ide/bitstream/design_1_wrapper.bit
targets -set -nocase -filter {name =~"APU*"}
loadhw -hw F:/zc706/vitis/zc706/export/zc706/hw/design_1_wrapper.xsa -mem-ranges [list {0x40000000 0xbfffffff}] -regs
configparams force-mem-access 1
targets -set -nocase -filter {name =~"APU*"}
source F:/zc706/vitis/Final_Project/_ide/psinit/ps7_init.tcl
ps7_init
ps7_post_config
targets -set -nocase -filter {name =~ "*A9*#0"}
dow F:/zc706/vitis/Final_Project/Debug/Final_Project.elf
configparams force-mem-access 0
----------------End of Script----------------

14:12:46 INFO  : Context for processor 'ps7_cortexa9_0' is selected.
14:12:46 INFO  : 'con' command is executed.
14:12:46 INFO  : ----------------XSDB Script (After Launch)----------------
targets -set -nocase -filter {name =~ "*A9*#0"}
con
----------------End of Script----------------

14:12:46 INFO  : Launch script is exported to file 'F:\zc706\vitis\Final_Project_system\_ide\scripts\systemdebugger_final_project_system_standalone.tcl'
14:16:52 INFO  : Checking for BSP changes to sync application flags for project 'Final_Project'...
14:17:01 INFO  : Disconnected from the channel tcfchan#25.
14:17:01 INFO  : Connected to target on host '127.0.0.1' and port '3121'.
14:17:01 INFO  : Jtag cable 'Digilent JTAG-SMT2 210251A1B7E2' is selected.
14:17:01 INFO  : 'jtag frequency' command is executed.
14:17:01 INFO  : Context for 'APU' is selected.
14:17:01 INFO  : System reset is completed.
14:17:04 INFO  : 'after 3000' command is executed.
14:17:04 INFO  : 'targets -set -filter {jtag_cable_name =~ "Digilent JTAG-SMT2 210251A1B7E2" && level==0 && jtag_device_ctx=="jsn-JTAG-SMT2-210251A1B7E2-23731093-0"}' command is executed.
14:17:12 INFO  : Device configured successfully with "F:/zc706/vitis/Final_Project/_ide/bitstream/design_1_wrapper.bit"
14:17:12 INFO  : Context for 'APU' is selected.
14:17:12 INFO  : Hardware design and registers information is loaded from 'F:/zc706/vitis/zc706/export/zc706/hw/design_1_wrapper.xsa'.
14:17:12 INFO  : 'configparams force-mem-access 1' command is executed.
14:17:12 INFO  : Context for 'APU' is selected.
14:17:12 INFO  : Sourcing of 'F:/zc706/vitis/Final_Project/_ide/psinit/ps7_init.tcl' is done.
14:17:12 INFO  : 'ps7_init' command is executed.
14:17:12 INFO  : 'ps7_post_config' command is executed.
14:17:12 INFO  : Context for processor 'ps7_cortexa9_0' is selected.
14:17:13 INFO  : The application 'F:/zc706/vitis/Final_Project/Debug/Final_Project.elf' is downloaded to processor 'ps7_cortexa9_0'.
14:17:13 INFO  : 'configparams force-mem-access 0' command is executed.
14:17:13 INFO  : ----------------XSDB Script----------------
connect -url tcp:127.0.0.1:3121
targets -set -nocase -filter {name =~"APU*"}
rst -system
after 3000
targets -set -filter {jtag_cable_name =~ "Digilent JTAG-SMT2 210251A1B7E2" && level==0 && jtag_device_ctx=="jsn-JTAG-SMT2-210251A1B7E2-23731093-0"}
fpga -file F:/zc706/vitis/Final_Project/_ide/bitstream/design_1_wrapper.bit
targets -set -nocase -filter {name =~"APU*"}
loadhw -hw F:/zc706/vitis/zc706/export/zc706/hw/design_1_wrapper.xsa -mem-ranges [list {0x40000000 0xbfffffff}] -regs
configparams force-mem-access 1
targets -set -nocase -filter {name =~"APU*"}
source F:/zc706/vitis/Final_Project/_ide/psinit/ps7_init.tcl
ps7_init
ps7_post_config
targets -set -nocase -filter {name =~ "*A9*#0"}
dow F:/zc706/vitis/Final_Project/Debug/Final_Project.elf
configparams force-mem-access 0
----------------End of Script----------------

14:17:13 INFO  : Context for processor 'ps7_cortexa9_0' is selected.
14:17:13 INFO  : 'con' command is executed.
14:17:13 INFO  : ----------------XSDB Script (After Launch)----------------
targets -set -nocase -filter {name =~ "*A9*#0"}
con
----------------End of Script----------------

14:17:13 INFO  : Launch script is exported to file 'F:\zc706\vitis\Final_Project_system\_ide\scripts\systemdebugger_final_project_system_standalone.tcl'
14:20:40 INFO  : Checking for BSP changes to sync application flags for project 'Final_Project'...
14:27:31 INFO  : Checking for BSP changes to sync application flags for project 'Final_Project'...
14:27:59 INFO  : Checking for BSP changes to sync application flags for project 'Final_Project'...
14:28:15 INFO  : Checking for BSP changes to sync application flags for project 'Final_Project'...
14:30:02 INFO  : Checking for BSP changes to sync application flags for project 'Final_Project'...
14:31:51 INFO  : Checking for BSP changes to sync application flags for project 'Final_Project'...
14:32:10 INFO  : Checking for BSP changes to sync application flags for project 'Final_Project'...
14:32:26 INFO  : Disconnected from the channel tcfchan#26.
14:32:26 INFO  : Connected to target on host '127.0.0.1' and port '3121'.
14:32:26 INFO  : Jtag cable 'Digilent JTAG-SMT2 210251A1B7E2' is selected.
14:32:26 INFO  : 'jtag frequency' command is executed.
14:32:26 INFO  : Context for 'APU' is selected.
14:32:26 INFO  : System reset is completed.
14:32:29 INFO  : 'after 3000' command is executed.
14:32:29 INFO  : 'targets -set -filter {jtag_cable_name =~ "Digilent JTAG-SMT2 210251A1B7E2" && level==0 && jtag_device_ctx=="jsn-JTAG-SMT2-210251A1B7E2-23731093-0"}' command is executed.
14:32:37 INFO  : Device configured successfully with "F:/zc706/vitis/Final_Project/_ide/bitstream/design_1_wrapper.bit"
14:32:37 INFO  : Context for 'APU' is selected.
14:32:37 INFO  : Hardware design and registers information is loaded from 'F:/zc706/vitis/zc706/export/zc706/hw/design_1_wrapper.xsa'.
14:32:37 INFO  : 'configparams force-mem-access 1' command is executed.
14:32:37 INFO  : Context for 'APU' is selected.
14:32:37 INFO  : Sourcing of 'F:/zc706/vitis/Final_Project/_ide/psinit/ps7_init.tcl' is done.
14:32:37 INFO  : 'ps7_init' command is executed.
14:32:37 INFO  : 'ps7_post_config' command is executed.
14:32:37 INFO  : Context for processor 'ps7_cortexa9_0' is selected.
14:32:38 INFO  : The application 'F:/zc706/vitis/Final_Project/Debug/Final_Project.elf' is downloaded to processor 'ps7_cortexa9_0'.
14:32:38 INFO  : 'configparams force-mem-access 0' command is executed.
14:32:38 INFO  : ----------------XSDB Script----------------
connect -url tcp:127.0.0.1:3121
targets -set -nocase -filter {name =~"APU*"}
rst -system
after 3000
targets -set -filter {jtag_cable_name =~ "Digilent JTAG-SMT2 210251A1B7E2" && level==0 && jtag_device_ctx=="jsn-JTAG-SMT2-210251A1B7E2-23731093-0"}
fpga -file F:/zc706/vitis/Final_Project/_ide/bitstream/design_1_wrapper.bit
targets -set -nocase -filter {name =~"APU*"}
loadhw -hw F:/zc706/vitis/zc706/export/zc706/hw/design_1_wrapper.xsa -mem-ranges [list {0x40000000 0xbfffffff}] -regs
configparams force-mem-access 1
targets -set -nocase -filter {name =~"APU*"}
source F:/zc706/vitis/Final_Project/_ide/psinit/ps7_init.tcl
ps7_init
ps7_post_config
targets -set -nocase -filter {name =~ "*A9*#0"}
dow F:/zc706/vitis/Final_Project/Debug/Final_Project.elf
configparams force-mem-access 0
----------------End of Script----------------

14:32:38 INFO  : Context for processor 'ps7_cortexa9_0' is selected.
14:32:38 INFO  : 'con' command is executed.
14:32:38 INFO  : ----------------XSDB Script (After Launch)----------------
targets -set -nocase -filter {name =~ "*A9*#0"}
con
----------------End of Script----------------

14:32:38 INFO  : Launch script is exported to file 'F:\zc706\vitis\Final_Project_system\_ide\scripts\systemdebugger_final_project_system_standalone.tcl'
14:37:41 INFO  : Checking for BSP changes to sync application flags for project 'Final_Project'...
14:39:36 INFO  : Checking for BSP changes to sync application flags for project 'Final_Project'...
14:39:49 INFO  : Checking for BSP changes to sync application flags for project 'Final_Project'...
14:40:13 INFO  : Checking for BSP changes to sync application flags for project 'Final_Project'...
14:40:16 INFO  : Disconnected from the channel tcfchan#28.
14:40:16 INFO  : Connected to target on host '127.0.0.1' and port '3121'.
14:40:18 INFO  : Jtag cable 'Digilent JTAG-SMT2 210251A1B7E2' is selected.
14:40:18 INFO  : 'jtag frequency' command is executed.
14:40:18 INFO  : Context for 'APU' is selected.
14:40:18 INFO  : System reset is completed.
14:40:21 INFO  : 'after 3000' command is executed.
14:40:21 INFO  : 'targets -set -filter {jtag_cable_name =~ "Digilent JTAG-SMT2 210251A1B7E2" && level==0 && jtag_device_ctx=="jsn-JTAG-SMT2-210251A1B7E2-23731093-0"}' command is executed.
14:40:28 INFO  : Device configured successfully with "F:/zc706/vitis/Final_Project/_ide/bitstream/design_1_wrapper.bit"
14:40:28 INFO  : Context for 'APU' is selected.
14:40:28 INFO  : Hardware design and registers information is loaded from 'F:/zc706/vitis/zc706/export/zc706/hw/design_1_wrapper.xsa'.
14:40:28 INFO  : 'configparams force-mem-access 1' command is executed.
14:40:28 INFO  : Context for 'APU' is selected.
14:40:28 INFO  : Sourcing of 'F:/zc706/vitis/Final_Project/_ide/psinit/ps7_init.tcl' is done.
14:40:29 INFO  : 'ps7_init' command is executed.
14:40:29 INFO  : 'ps7_post_config' command is executed.
14:40:29 INFO  : Context for processor 'ps7_cortexa9_0' is selected.
14:40:30 INFO  : The application 'F:/zc706/vitis/Final_Project/Debug/Final_Project.elf' is downloaded to processor 'ps7_cortexa9_0'.
14:40:30 INFO  : 'configparams force-mem-access 0' command is executed.
14:40:30 INFO  : ----------------XSDB Script----------------
connect -url tcp:127.0.0.1:3121
targets -set -nocase -filter {name =~"APU*"}
rst -system
after 3000
targets -set -filter {jtag_cable_name =~ "Digilent JTAG-SMT2 210251A1B7E2" && level==0 && jtag_device_ctx=="jsn-JTAG-SMT2-210251A1B7E2-23731093-0"}
fpga -file F:/zc706/vitis/Final_Project/_ide/bitstream/design_1_wrapper.bit
targets -set -nocase -filter {name =~"APU*"}
loadhw -hw F:/zc706/vitis/zc706/export/zc706/hw/design_1_wrapper.xsa -mem-ranges [list {0x40000000 0xbfffffff}] -regs
configparams force-mem-access 1
targets -set -nocase -filter {name =~"APU*"}
source F:/zc706/vitis/Final_Project/_ide/psinit/ps7_init.tcl
ps7_init
ps7_post_config
targets -set -nocase -filter {name =~ "*A9*#0"}
dow F:/zc706/vitis/Final_Project/Debug/Final_Project.elf
configparams force-mem-access 0
----------------End of Script----------------

14:40:30 INFO  : Context for processor 'ps7_cortexa9_0' is selected.
14:40:30 INFO  : 'con' command is executed.
14:40:30 INFO  : ----------------XSDB Script (After Launch)----------------
targets -set -nocase -filter {name =~ "*A9*#0"}
con
----------------End of Script----------------

14:40:30 INFO  : Launch script is exported to file 'F:\zc706\vitis\Final_Project_system\_ide\scripts\systemdebugger_final_project_system_standalone.tcl'
14:43:01 INFO  : Checking for BSP changes to sync application flags for project 'Final_Project'...
14:43:13 INFO  : Disconnected from the channel tcfchan#29.
14:43:13 INFO  : Connected to target on host '127.0.0.1' and port '3121'.
14:43:13 INFO  : Jtag cable 'Digilent JTAG-SMT2 210251A1B7E2' is selected.
14:43:13 INFO  : 'jtag frequency' command is executed.
14:43:13 INFO  : Context for 'APU' is selected.
14:43:13 INFO  : System reset is completed.
14:43:16 INFO  : 'after 3000' command is executed.
14:43:16 INFO  : 'targets -set -filter {jtag_cable_name =~ "Digilent JTAG-SMT2 210251A1B7E2" && level==0 && jtag_device_ctx=="jsn-JTAG-SMT2-210251A1B7E2-23731093-0"}' command is executed.
14:43:24 INFO  : Device configured successfully with "F:/zc706/vitis/Final_Project/_ide/bitstream/design_1_wrapper.bit"
14:43:24 INFO  : Context for 'APU' is selected.
14:43:24 INFO  : Hardware design and registers information is loaded from 'F:/zc706/vitis/zc706/export/zc706/hw/design_1_wrapper.xsa'.
14:43:24 INFO  : 'configparams force-mem-access 1' command is executed.
14:43:24 INFO  : Context for 'APU' is selected.
14:43:24 INFO  : Sourcing of 'F:/zc706/vitis/Final_Project/_ide/psinit/ps7_init.tcl' is done.
14:43:25 INFO  : 'ps7_init' command is executed.
14:43:25 INFO  : 'ps7_post_config' command is executed.
14:43:25 INFO  : Context for processor 'ps7_cortexa9_0' is selected.
14:43:25 INFO  : The application 'F:/zc706/vitis/Final_Project/Debug/Final_Project.elf' is downloaded to processor 'ps7_cortexa9_0'.
14:43:25 INFO  : 'configparams force-mem-access 0' command is executed.
14:43:25 INFO  : ----------------XSDB Script----------------
connect -url tcp:127.0.0.1:3121
targets -set -nocase -filter {name =~"APU*"}
rst -system
after 3000
targets -set -filter {jtag_cable_name =~ "Digilent JTAG-SMT2 210251A1B7E2" && level==0 && jtag_device_ctx=="jsn-JTAG-SMT2-210251A1B7E2-23731093-0"}
fpga -file F:/zc706/vitis/Final_Project/_ide/bitstream/design_1_wrapper.bit
targets -set -nocase -filter {name =~"APU*"}
loadhw -hw F:/zc706/vitis/zc706/export/zc706/hw/design_1_wrapper.xsa -mem-ranges [list {0x40000000 0xbfffffff}] -regs
configparams force-mem-access 1
targets -set -nocase -filter {name =~"APU*"}
source F:/zc706/vitis/Final_Project/_ide/psinit/ps7_init.tcl
ps7_init
ps7_post_config
targets -set -nocase -filter {name =~ "*A9*#0"}
dow F:/zc706/vitis/Final_Project/Debug/Final_Project.elf
configparams force-mem-access 0
----------------End of Script----------------

14:43:25 INFO  : Context for processor 'ps7_cortexa9_0' is selected.
14:43:25 INFO  : 'con' command is executed.
14:43:25 INFO  : ----------------XSDB Script (After Launch)----------------
targets -set -nocase -filter {name =~ "*A9*#0"}
con
----------------End of Script----------------

14:43:25 INFO  : Launch script is exported to file 'F:\zc706\vitis\Final_Project_system\_ide\scripts\systemdebugger_final_project_system_standalone.tcl'
14:45:51 INFO  : Checking for BSP changes to sync application flags for project 'Final_Project'...
14:45:53 INFO  : Disconnected from the channel tcfchan#30.
14:45:54 INFO  : Connected to target on host '127.0.0.1' and port '3121'.
14:45:54 INFO  : Jtag cable 'Digilent JTAG-SMT2 210251A1B7E2' is selected.
14:45:54 INFO  : 'jtag frequency' command is executed.
14:45:54 INFO  : Context for 'APU' is selected.
14:45:54 INFO  : System reset is completed.
14:45:57 INFO  : 'after 3000' command is executed.
14:45:57 INFO  : 'targets -set -filter {jtag_cable_name =~ "Digilent JTAG-SMT2 210251A1B7E2" && level==0 && jtag_device_ctx=="jsn-JTAG-SMT2-210251A1B7E2-23731093-0"}' command is executed.
14:46:05 INFO  : Device configured successfully with "F:/zc706/vitis/Final_Project/_ide/bitstream/design_1_wrapper.bit"
14:46:05 INFO  : Context for 'APU' is selected.
14:46:05 INFO  : Hardware design and registers information is loaded from 'F:/zc706/vitis/zc706/export/zc706/hw/design_1_wrapper.xsa'.
14:46:05 INFO  : 'configparams force-mem-access 1' command is executed.
14:46:05 INFO  : Context for 'APU' is selected.
14:46:05 INFO  : Sourcing of 'F:/zc706/vitis/Final_Project/_ide/psinit/ps7_init.tcl' is done.
14:46:05 INFO  : 'ps7_init' command is executed.
14:46:05 INFO  : 'ps7_post_config' command is executed.
14:46:05 INFO  : Context for processor 'ps7_cortexa9_0' is selected.
14:46:06 INFO  : The application 'F:/zc706/vitis/Final_Project/Debug/Final_Project.elf' is downloaded to processor 'ps7_cortexa9_0'.
14:46:06 INFO  : 'configparams force-mem-access 0' command is executed.
14:46:06 INFO  : ----------------XSDB Script----------------
connect -url tcp:127.0.0.1:3121
targets -set -nocase -filter {name =~"APU*"}
rst -system
after 3000
targets -set -filter {jtag_cable_name =~ "Digilent JTAG-SMT2 210251A1B7E2" && level==0 && jtag_device_ctx=="jsn-JTAG-SMT2-210251A1B7E2-23731093-0"}
fpga -file F:/zc706/vitis/Final_Project/_ide/bitstream/design_1_wrapper.bit
targets -set -nocase -filter {name =~"APU*"}
loadhw -hw F:/zc706/vitis/zc706/export/zc706/hw/design_1_wrapper.xsa -mem-ranges [list {0x40000000 0xbfffffff}] -regs
configparams force-mem-access 1
targets -set -nocase -filter {name =~"APU*"}
source F:/zc706/vitis/Final_Project/_ide/psinit/ps7_init.tcl
ps7_init
ps7_post_config
targets -set -nocase -filter {name =~ "*A9*#0"}
dow F:/zc706/vitis/Final_Project/Debug/Final_Project.elf
configparams force-mem-access 0
----------------End of Script----------------

14:46:06 INFO  : Context for processor 'ps7_cortexa9_0' is selected.
14:46:06 INFO  : 'con' command is executed.
14:46:06 INFO  : ----------------XSDB Script (After Launch)----------------
targets -set -nocase -filter {name =~ "*A9*#0"}
con
----------------End of Script----------------

14:46:06 INFO  : Launch script is exported to file 'F:\zc706\vitis\Final_Project_system\_ide\scripts\systemdebugger_final_project_system_standalone.tcl'
14:52:27 INFO  : Disconnected from the channel tcfchan#31.
15:42:44 INFO  : Launching XSCT server: xsct.bat -n  -interactive F:\study_vivado_ps\zc706_eth\vitis\temp_xsdb_launch_script.tcl
15:42:48 INFO  : XSCT server has started successfully.
15:42:48 INFO  : Successfully done setting XSCT server connection channel  
15:42:48 INFO  : plnx-install-location is set to ''
15:42:48 INFO  : Successfully done setting workspace for the tool. 
15:42:50 INFO  : Registering command handlers for Vitis TCF services
15:42:50 ERROR : Error encountered while initializing user repository paths
Reason: No Platforms Found.


15:42:50 INFO  : Platform repository initialization has completed.
15:42:58 INFO  : Successfully done query RDI_DATADIR 
15:51:45 INFO  : Result from executing command 'removePlatformRepo': 
15:54:14 INFO  : Result from executing command 'getProjects': zc706
15:54:14 INFO  : Result from executing command 'getPlatforms': 
15:56:05 INFO  : Checking for BSP changes to sync application flags for project 'zc706_eth_test'...
15:57:38 INFO  : Checking for BSP changes to sync application flags for project 'zc706_eth_test'...
15:58:21 INFO  : Checking for BSP changes to sync application flags for project 'zc706_eth_test'...
16:05:30 INFO  : Checking for BSP changes to sync application flags for project 'zc706_eth_test'...
16:06:28 INFO  : Connected to target on host '127.0.0.1' and port '3121'.
16:06:28 INFO  : Jtag cable 'Digilent JTAG-SMT2 210251A1B7E2' is selected.
16:06:28 INFO  : 'jtag frequency' command is executed.
16:06:28 INFO  : Context for 'APU' is selected.
16:06:29 INFO  : System reset is completed.
16:06:32 INFO  : 'after 3000' command is executed.
16:06:32 INFO  : 'targets -set -filter {jtag_cable_name =~ "Digilent JTAG-SMT2 210251A1B7E2" && level==0 && jtag_device_ctx=="jsn-JTAG-SMT2-210251A1B7E2-23731093-0"}' command is executed.
16:06:39 INFO  : Device configured successfully with "F:/study_vivado_ps/zc706_eth/vitis/zc706_eth_test/_ide/bitstream/design_1_wrapper.bit"
16:06:39 INFO  : Context for 'APU' is selected.
16:06:39 INFO  : Hardware design and registers information is loaded from 'F:/study_vivado_ps/zc706_eth/vitis/zc706/export/zc706/hw/design_1_wrapper.xsa'.
16:06:39 INFO  : 'configparams force-mem-access 1' command is executed.
16:06:39 INFO  : Context for 'APU' is selected.
16:06:39 INFO  : Sourcing of 'F:/study_vivado_ps/zc706_eth/vitis/zc706_eth_test/_ide/psinit/ps7_init.tcl' is done.
16:06:40 INFO  : 'ps7_init' command is executed.
16:06:40 INFO  : 'ps7_post_config' command is executed.
16:06:40 INFO  : Context for processor 'ps7_cortexa9_0' is selected.
16:06:41 INFO  : The application 'F:/study_vivado_ps/zc706_eth/vitis/zc706_eth_test/Debug/zc706_eth_test.elf' is downloaded to processor 'ps7_cortexa9_0'.
16:06:41 INFO  : 'configparams force-mem-access 0' command is executed.
16:06:41 INFO  : ----------------XSDB Script----------------
connect -url tcp:127.0.0.1:3121
targets -set -nocase -filter {name =~"APU*"}
rst -system
after 3000
targets -set -filter {jtag_cable_name =~ "Digilent JTAG-SMT2 210251A1B7E2" && level==0 && jtag_device_ctx=="jsn-JTAG-SMT2-210251A1B7E2-23731093-0"}
fpga -file F:/study_vivado_ps/zc706_eth/vitis/zc706_eth_test/_ide/bitstream/design_1_wrapper.bit
targets -set -nocase -filter {name =~"APU*"}
loadhw -hw F:/study_vivado_ps/zc706_eth/vitis/zc706/export/zc706/hw/design_1_wrapper.xsa -mem-ranges [list {0x40000000 0xbfffffff}] -regs
configparams force-mem-access 1
targets -set -nocase -filter {name =~"APU*"}
source F:/study_vivado_ps/zc706_eth/vitis/zc706_eth_test/_ide/psinit/ps7_init.tcl
ps7_init
ps7_post_config
targets -set -nocase -filter {name =~ "*A9*#0"}
dow F:/study_vivado_ps/zc706_eth/vitis/zc706_eth_test/Debug/zc706_eth_test.elf
configparams force-mem-access 0
----------------End of Script----------------

16:06:41 INFO  : Context for processor 'ps7_cortexa9_0' is selected.
16:06:41 INFO  : 'con' command is executed.
16:06:41 INFO  : ----------------XSDB Script (After Launch)----------------
targets -set -nocase -filter {name =~ "*A9*#0"}
con
----------------End of Script----------------

16:06:41 INFO  : Launch script is exported to file 'F:\study_vivado_ps\zc706_eth\vitis\zc706_eth_test_system\_ide\scripts\systemdebugger_zc706_eth_test_system_standalone.tcl'
16:07:24 INFO  : Disconnected from the channel tcfchan#4.
16:07:24 INFO  : Connected to target on host '127.0.0.1' and port '3121'.
16:07:24 INFO  : Jtag cable 'Digilent JTAG-SMT2 210251A1B7E2' is selected.
16:07:24 INFO  : 'jtag frequency' command is executed.
16:07:24 INFO  : Context for 'APU' is selected.
16:07:24 INFO  : System reset is completed.
16:07:27 INFO  : 'after 3000' command is executed.
16:07:27 INFO  : 'targets -set -filter {jtag_cable_name =~ "Digilent JTAG-SMT2 210251A1B7E2" && level==0 && jtag_device_ctx=="jsn-JTAG-SMT2-210251A1B7E2-23731093-0"}' command is executed.
16:07:35 INFO  : Device configured successfully with "F:/study_vivado_ps/zc706_eth/vitis/zc706_eth_test/_ide/bitstream/design_1_wrapper.bit"
16:07:35 INFO  : Context for 'APU' is selected.
16:07:35 INFO  : Hardware design and registers information is loaded from 'F:/study_vivado_ps/zc706_eth/vitis/zc706/export/zc706/hw/design_1_wrapper.xsa'.
16:07:35 INFO  : 'configparams force-mem-access 1' command is executed.
16:07:35 INFO  : Context for 'APU' is selected.
16:07:35 INFO  : Sourcing of 'F:/study_vivado_ps/zc706_eth/vitis/zc706_eth_test/_ide/psinit/ps7_init.tcl' is done.
16:07:36 INFO  : 'ps7_init' command is executed.
16:07:36 INFO  : 'ps7_post_config' command is executed.
16:07:36 INFO  : Context for processor 'ps7_cortexa9_0' is selected.
16:07:36 INFO  : The application 'F:/study_vivado_ps/zc706_eth/vitis/zc706_eth_test/Debug/zc706_eth_test.elf' is downloaded to processor 'ps7_cortexa9_0'.
16:07:36 INFO  : 'configparams force-mem-access 0' command is executed.
16:07:36 INFO  : ----------------XSDB Script----------------
connect -url tcp:127.0.0.1:3121
targets -set -nocase -filter {name =~"APU*"}
rst -system
after 3000
targets -set -filter {jtag_cable_name =~ "Digilent JTAG-SMT2 210251A1B7E2" && level==0 && jtag_device_ctx=="jsn-JTAG-SMT2-210251A1B7E2-23731093-0"}
fpga -file F:/study_vivado_ps/zc706_eth/vitis/zc706_eth_test/_ide/bitstream/design_1_wrapper.bit
targets -set -nocase -filter {name =~"APU*"}
loadhw -hw F:/study_vivado_ps/zc706_eth/vitis/zc706/export/zc706/hw/design_1_wrapper.xsa -mem-ranges [list {0x40000000 0xbfffffff}] -regs
configparams force-mem-access 1
targets -set -nocase -filter {name =~"APU*"}
source F:/study_vivado_ps/zc706_eth/vitis/zc706_eth_test/_ide/psinit/ps7_init.tcl
ps7_init
ps7_post_config
targets -set -nocase -filter {name =~ "*A9*#0"}
dow F:/study_vivado_ps/zc706_eth/vitis/zc706_eth_test/Debug/zc706_eth_test.elf
configparams force-mem-access 0
----------------End of Script----------------

16:07:36 INFO  : Context for processor 'ps7_cortexa9_0' is selected.
16:07:36 INFO  : 'con' command is executed.
16:07:36 INFO  : ----------------XSDB Script (After Launch)----------------
targets -set -nocase -filter {name =~ "*A9*#0"}
con
----------------End of Script----------------

16:07:36 INFO  : Launch script is exported to file 'F:\study_vivado_ps\zc706_eth\vitis\zc706_eth_test_system\_ide\scripts\systemdebugger_zc706_eth_test_system_standalone.tcl'
16:09:50 INFO  : Result from executing command 'removePlatformRepo': 
16:11:11 INFO  : Result from executing command 'getProjects': zc706
16:11:11 INFO  : Result from executing command 'getPlatforms': 
16:11:20 INFO  : Checking for BSP changes to sync application flags for project 'zc706_eth_test'...
16:11:20 INFO  : Updating application flags with new BSP settings...
16:11:20 INFO  : Successfully updated application flags for project zc706_eth_test.
16:11:34 INFO  : Disconnected from the channel tcfchan#5.
16:11:34 INFO  : Connected to target on host '127.0.0.1' and port '3121'.
16:11:34 INFO  : Jtag cable 'Digilent JTAG-SMT2 210251A1B7E2' is selected.
16:11:34 INFO  : 'jtag frequency' command is executed.
16:11:34 INFO  : Context for 'APU' is selected.
16:11:34 INFO  : System reset is completed.
16:11:37 INFO  : 'after 3000' command is executed.
16:11:37 INFO  : 'targets -set -filter {jtag_cable_name =~ "Digilent JTAG-SMT2 210251A1B7E2" && level==0 && jtag_device_ctx=="jsn-JTAG-SMT2-210251A1B7E2-23731093-0"}' command is executed.
16:11:45 INFO  : Device configured successfully with "F:/study_vivado_ps/zc706_eth/vitis/zc706_eth_test/_ide/bitstream/design_1_wrapper.bit"
16:11:45 INFO  : Context for 'APU' is selected.
16:11:45 INFO  : Hardware design and registers information is loaded from 'F:/study_vivado_ps/zc706_eth/vitis/zc706/export/zc706/hw/design_1_wrapper.xsa'.
16:11:45 INFO  : 'configparams force-mem-access 1' command is executed.
16:11:45 INFO  : Context for 'APU' is selected.
16:11:45 INFO  : Sourcing of 'F:/study_vivado_ps/zc706_eth/vitis/zc706_eth_test/_ide/psinit/ps7_init.tcl' is done.
16:11:45 INFO  : 'ps7_init' command is executed.
16:11:45 INFO  : 'ps7_post_config' command is executed.
16:11:46 INFO  : Context for processor 'ps7_cortexa9_0' is selected.
16:11:46 INFO  : The application 'F:/study_vivado_ps/zc706_eth/vitis/zc706_eth_test/Debug/zc706_eth_test.elf' is downloaded to processor 'ps7_cortexa9_0'.
16:11:46 INFO  : 'configparams force-mem-access 0' command is executed.
16:11:46 INFO  : ----------------XSDB Script----------------
connect -url tcp:127.0.0.1:3121
targets -set -nocase -filter {name =~"APU*"}
rst -system
after 3000
targets -set -filter {jtag_cable_name =~ "Digilent JTAG-SMT2 210251A1B7E2" && level==0 && jtag_device_ctx=="jsn-JTAG-SMT2-210251A1B7E2-23731093-0"}
fpga -file F:/study_vivado_ps/zc706_eth/vitis/zc706_eth_test/_ide/bitstream/design_1_wrapper.bit
targets -set -nocase -filter {name =~"APU*"}
loadhw -hw F:/study_vivado_ps/zc706_eth/vitis/zc706/export/zc706/hw/design_1_wrapper.xsa -mem-ranges [list {0x40000000 0xbfffffff}] -regs
configparams force-mem-access 1
targets -set -nocase -filter {name =~"APU*"}
source F:/study_vivado_ps/zc706_eth/vitis/zc706_eth_test/_ide/psinit/ps7_init.tcl
ps7_init
ps7_post_config
targets -set -nocase -filter {name =~ "*A9*#0"}
dow F:/study_vivado_ps/zc706_eth/vitis/zc706_eth_test/Debug/zc706_eth_test.elf
configparams force-mem-access 0
----------------End of Script----------------

16:11:46 INFO  : Context for processor 'ps7_cortexa9_0' is selected.
16:11:46 INFO  : 'con' command is executed.
16:11:46 INFO  : ----------------XSDB Script (After Launch)----------------
targets -set -nocase -filter {name =~ "*A9*#0"}
con
----------------End of Script----------------

16:11:46 INFO  : Launch script is exported to file 'F:\study_vivado_ps\zc706_eth\vitis\zc706_eth_test_system\_ide\scripts\systemdebugger_zc706_eth_test_system_standalone.tcl'
16:17:42 INFO  : Disconnected from the channel tcfchan#9.
16:17:42 INFO  : Connected to target on host '127.0.0.1' and port '3121'.
16:17:43 INFO  : Jtag cable 'Digilent JTAG-SMT2 210251A1B7E2' is selected.
16:17:43 INFO  : 'jtag frequency' command is executed.
16:17:43 INFO  : Context for 'APU' is selected.
16:17:43 INFO  : System reset is completed.
16:17:46 INFO  : 'after 3000' command is executed.
16:17:46 INFO  : 'targets -set -filter {jtag_cable_name =~ "Digilent JTAG-SMT2 210251A1B7E2" && level==0 && jtag_device_ctx=="jsn-JTAG-SMT2-210251A1B7E2-23731093-0"}' command is executed.
16:17:53 INFO  : Device configured successfully with "F:/study_vivado_ps/zc706_eth/vitis/zc706_eth_test/_ide/bitstream/design_1_wrapper.bit"
16:17:54 INFO  : Context for 'APU' is selected.
16:17:54 INFO  : Hardware design and registers information is loaded from 'F:/study_vivado_ps/zc706_eth/vitis/zc706/export/zc706/hw/design_1_wrapper.xsa'.
16:17:54 INFO  : 'configparams force-mem-access 1' command is executed.
16:17:54 INFO  : Context for 'APU' is selected.
16:17:54 INFO  : Sourcing of 'F:/study_vivado_ps/zc706_eth/vitis/zc706_eth_test/_ide/psinit/ps7_init.tcl' is done.
16:17:54 INFO  : 'ps7_init' command is executed.
16:17:54 INFO  : 'ps7_post_config' command is executed.
16:17:54 INFO  : Context for processor 'ps7_cortexa9_0' is selected.
16:17:55 INFO  : The application 'F:/study_vivado_ps/zc706_eth/vitis/zc706_eth_test/Debug/zc706_eth_test.elf' is downloaded to processor 'ps7_cortexa9_0'.
16:17:55 INFO  : 'configparams force-mem-access 0' command is executed.
16:17:55 INFO  : ----------------XSDB Script----------------
connect -url tcp:127.0.0.1:3121
targets -set -nocase -filter {name =~"APU*"}
rst -system
after 3000
targets -set -filter {jtag_cable_name =~ "Digilent JTAG-SMT2 210251A1B7E2" && level==0 && jtag_device_ctx=="jsn-JTAG-SMT2-210251A1B7E2-23731093-0"}
fpga -file F:/study_vivado_ps/zc706_eth/vitis/zc706_eth_test/_ide/bitstream/design_1_wrapper.bit
targets -set -nocase -filter {name =~"APU*"}
loadhw -hw F:/study_vivado_ps/zc706_eth/vitis/zc706/export/zc706/hw/design_1_wrapper.xsa -mem-ranges [list {0x40000000 0xbfffffff}] -regs
configparams force-mem-access 1
targets -set -nocase -filter {name =~"APU*"}
source F:/study_vivado_ps/zc706_eth/vitis/zc706_eth_test/_ide/psinit/ps7_init.tcl
ps7_init
ps7_post_config
targets -set -nocase -filter {name =~ "*A9*#0"}
dow F:/study_vivado_ps/zc706_eth/vitis/zc706_eth_test/Debug/zc706_eth_test.elf
configparams force-mem-access 0
----------------End of Script----------------

16:17:55 INFO  : Context for processor 'ps7_cortexa9_0' is selected.
16:17:55 INFO  : 'con' command is executed.
16:17:55 INFO  : ----------------XSDB Script (After Launch)----------------
targets -set -nocase -filter {name =~ "*A9*#0"}
con
----------------End of Script----------------

16:17:55 INFO  : Launch script is exported to file 'F:\study_vivado_ps\zc706_eth\vitis\zc706_eth_test_system\_ide\scripts\systemdebugger_zc706_eth_test_system_standalone.tcl'
16:19:32 INFO  : Checking for BSP changes to sync application flags for project 'zc706_eth_test'...
16:22:43 INFO  : Checking for BSP changes to sync application flags for project 'zc706_eth_test'...
16:25:05 INFO  : Checking for BSP changes to sync application flags for project 'zc706_eth_test'...
16:25:44 INFO  : Checking for BSP changes to sync application flags for project 'zc706_eth_test'...
16:26:50 INFO  : Checking for BSP changes to sync application flags for project 'zc706_eth_test'...
16:27:29 INFO  : Checking for BSP changes to sync application flags for project 'zc706_eth_test'...
16:27:50 INFO  : Disconnected from the channel tcfchan#10.
16:27:50 INFO  : Connected to target on host '127.0.0.1' and port '3121'.
16:27:50 INFO  : Jtag cable 'Digilent JTAG-SMT2 210251A1B7E2' is selected.
16:27:50 INFO  : 'jtag frequency' command is executed.
16:27:50 INFO  : Context for 'APU' is selected.
16:27:50 INFO  : System reset is completed.
16:27:53 INFO  : 'after 3000' command is executed.
16:27:54 INFO  : 'targets -set -filter {jtag_cable_name =~ "Digilent JTAG-SMT2 210251A1B7E2" && level==0 && jtag_device_ctx=="jsn-JTAG-SMT2-210251A1B7E2-23731093-0"}' command is executed.
16:28:01 INFO  : Device configured successfully with "F:/study_vivado_ps/zc706_eth/vitis/zc706_eth_test/_ide/bitstream/design_1_wrapper.bit"
16:28:01 INFO  : Context for 'APU' is selected.
16:28:01 INFO  : Hardware design and registers information is loaded from 'F:/study_vivado_ps/zc706_eth/vitis/zc706/export/zc706/hw/design_1_wrapper.xsa'.
16:28:01 INFO  : 'configparams force-mem-access 1' command is executed.
16:28:01 INFO  : Context for 'APU' is selected.
16:28:01 INFO  : Sourcing of 'F:/study_vivado_ps/zc706_eth/vitis/zc706_eth_test/_ide/psinit/ps7_init.tcl' is done.
16:28:02 INFO  : 'ps7_init' command is executed.
16:28:02 INFO  : 'ps7_post_config' command is executed.
16:28:02 INFO  : Context for processor 'ps7_cortexa9_0' is selected.
16:28:03 INFO  : The application 'F:/study_vivado_ps/zc706_eth/vitis/zc706_eth_test/Debug/zc706_eth_test.elf' is downloaded to processor 'ps7_cortexa9_0'.
16:28:03 INFO  : 'configparams force-mem-access 0' command is executed.
16:28:03 INFO  : ----------------XSDB Script----------------
connect -url tcp:127.0.0.1:3121
targets -set -nocase -filter {name =~"APU*"}
rst -system
after 3000
targets -set -filter {jtag_cable_name =~ "Digilent JTAG-SMT2 210251A1B7E2" && level==0 && jtag_device_ctx=="jsn-JTAG-SMT2-210251A1B7E2-23731093-0"}
fpga -file F:/study_vivado_ps/zc706_eth/vitis/zc706_eth_test/_ide/bitstream/design_1_wrapper.bit
targets -set -nocase -filter {name =~"APU*"}
loadhw -hw F:/study_vivado_ps/zc706_eth/vitis/zc706/export/zc706/hw/design_1_wrapper.xsa -mem-ranges [list {0x40000000 0xbfffffff}] -regs
configparams force-mem-access 1
targets -set -nocase -filter {name =~"APU*"}
source F:/study_vivado_ps/zc706_eth/vitis/zc706_eth_test/_ide/psinit/ps7_init.tcl
ps7_init
ps7_post_config
targets -set -nocase -filter {name =~ "*A9*#0"}
dow F:/study_vivado_ps/zc706_eth/vitis/zc706_eth_test/Debug/zc706_eth_test.elf
configparams force-mem-access 0
----------------End of Script----------------

16:28:03 INFO  : Context for processor 'ps7_cortexa9_0' is selected.
16:28:03 INFO  : 'con' command is executed.
16:28:03 INFO  : ----------------XSDB Script (After Launch)----------------
targets -set -nocase -filter {name =~ "*A9*#0"}
con
----------------End of Script----------------

16:28:03 INFO  : Launch script is exported to file 'F:\study_vivado_ps\zc706_eth\vitis\zc706_eth_test_system\_ide\scripts\systemdebugger_zc706_eth_test_system_standalone.tcl'
16:28:41 INFO  : Disconnected from the channel tcfchan#11.
16:28:42 INFO  : Connected to target on host '127.0.0.1' and port '3121'.
16:28:42 INFO  : Jtag cable 'Digilent JTAG-SMT2 210251A1B7E2' is selected.
16:28:42 INFO  : 'jtag frequency' command is executed.
16:28:42 INFO  : Context for 'APU' is selected.
16:28:42 INFO  : System reset is completed.
16:28:45 INFO  : 'after 3000' command is executed.
16:28:45 INFO  : 'targets -set -filter {jtag_cable_name =~ "Digilent JTAG-SMT2 210251A1B7E2" && level==0 && jtag_device_ctx=="jsn-JTAG-SMT2-210251A1B7E2-23731093-0"}' command is executed.
16:28:53 INFO  : Device configured successfully with "F:/study_vivado_ps/zc706_eth/vitis/zc706_eth_test/_ide/bitstream/design_1_wrapper.bit"
16:28:53 INFO  : Context for 'APU' is selected.
16:28:53 INFO  : Hardware design and registers information is loaded from 'F:/study_vivado_ps/zc706_eth/vitis/zc706/export/zc706/hw/design_1_wrapper.xsa'.
16:28:53 INFO  : 'configparams force-mem-access 1' command is executed.
16:28:53 INFO  : Context for 'APU' is selected.
16:28:53 INFO  : Sourcing of 'F:/study_vivado_ps/zc706_eth/vitis/zc706_eth_test/_ide/psinit/ps7_init.tcl' is done.
16:28:53 INFO  : 'ps7_init' command is executed.
16:28:53 INFO  : 'ps7_post_config' command is executed.
16:28:53 INFO  : Context for processor 'ps7_cortexa9_0' is selected.
16:28:54 INFO  : The application 'F:/study_vivado_ps/zc706_eth/vitis/zc706_eth_test/Debug/zc706_eth_test.elf' is downloaded to processor 'ps7_cortexa9_0'.
16:28:54 INFO  : 'configparams force-mem-access 0' command is executed.
16:28:54 INFO  : ----------------XSDB Script----------------
connect -url tcp:127.0.0.1:3121
targets -set -nocase -filter {name =~"APU*"}
rst -system
after 3000
targets -set -filter {jtag_cable_name =~ "Digilent JTAG-SMT2 210251A1B7E2" && level==0 && jtag_device_ctx=="jsn-JTAG-SMT2-210251A1B7E2-23731093-0"}
fpga -file F:/study_vivado_ps/zc706_eth/vitis/zc706_eth_test/_ide/bitstream/design_1_wrapper.bit
targets -set -nocase -filter {name =~"APU*"}
loadhw -hw F:/study_vivado_ps/zc706_eth/vitis/zc706/export/zc706/hw/design_1_wrapper.xsa -mem-ranges [list {0x40000000 0xbfffffff}] -regs
configparams force-mem-access 1
targets -set -nocase -filter {name =~"APU*"}
source F:/study_vivado_ps/zc706_eth/vitis/zc706_eth_test/_ide/psinit/ps7_init.tcl
ps7_init
ps7_post_config
targets -set -nocase -filter {name =~ "*A9*#0"}
dow F:/study_vivado_ps/zc706_eth/vitis/zc706_eth_test/Debug/zc706_eth_test.elf
configparams force-mem-access 0
----------------End of Script----------------

16:28:54 INFO  : Context for processor 'ps7_cortexa9_0' is selected.
16:28:54 INFO  : 'con' command is executed.
16:28:54 INFO  : ----------------XSDB Script (After Launch)----------------
targets -set -nocase -filter {name =~ "*A9*#0"}
con
----------------End of Script----------------

16:28:54 INFO  : Launch script is exported to file 'F:\study_vivado_ps\zc706_eth\vitis\zc706_eth_test_system\_ide\scripts\systemdebugger_zc706_eth_test_system_standalone.tcl'
16:32:40 INFO  : Checking for BSP changes to sync application flags for project 'zc706_eth_test'...
16:32:48 INFO  : Checking for BSP changes to sync application flags for project 'zc706_eth_test'...
16:33:11 INFO  : Checking for BSP changes to sync application flags for project 'zc706_eth_test'...
16:35:07 INFO  : Checking for BSP changes to sync application flags for project 'zc706_eth_test'...
16:35:15 INFO  : Disconnected from the channel tcfchan#12.
16:35:15 INFO  : Connected to target on host '127.0.0.1' and port '3121'.
16:35:15 INFO  : Jtag cable 'Digilent JTAG-SMT2 210251A1B7E2' is selected.
16:35:15 INFO  : 'jtag frequency' command is executed.
16:35:15 INFO  : Context for 'APU' is selected.
16:35:16 INFO  : System reset is completed.
16:35:19 INFO  : 'after 3000' command is executed.
16:35:19 INFO  : 'targets -set -filter {jtag_cable_name =~ "Digilent JTAG-SMT2 210251A1B7E2" && level==0 && jtag_device_ctx=="jsn-JTAG-SMT2-210251A1B7E2-23731093-0"}' command is executed.
16:35:26 INFO  : Device configured successfully with "F:/study_vivado_ps/zc706_eth/vitis/zc706_eth_test/_ide/bitstream/design_1_wrapper.bit"
16:35:26 INFO  : Context for 'APU' is selected.
16:35:26 INFO  : Hardware design and registers information is loaded from 'F:/study_vivado_ps/zc706_eth/vitis/zc706/export/zc706/hw/design_1_wrapper.xsa'.
16:35:26 INFO  : 'configparams force-mem-access 1' command is executed.
16:35:26 INFO  : Context for 'APU' is selected.
16:35:26 INFO  : Sourcing of 'F:/study_vivado_ps/zc706_eth/vitis/zc706_eth_test/_ide/psinit/ps7_init.tcl' is done.
16:35:27 INFO  : 'ps7_init' command is executed.
16:35:27 INFO  : 'ps7_post_config' command is executed.
16:35:27 INFO  : Context for processor 'ps7_cortexa9_0' is selected.
16:35:28 INFO  : The application 'F:/study_vivado_ps/zc706_eth/vitis/zc706_eth_test/Debug/zc706_eth_test.elf' is downloaded to processor 'ps7_cortexa9_0'.
16:35:28 INFO  : 'configparams force-mem-access 0' command is executed.
16:35:28 INFO  : ----------------XSDB Script----------------
connect -url tcp:127.0.0.1:3121
targets -set -nocase -filter {name =~"APU*"}
rst -system
after 3000
targets -set -filter {jtag_cable_name =~ "Digilent JTAG-SMT2 210251A1B7E2" && level==0 && jtag_device_ctx=="jsn-JTAG-SMT2-210251A1B7E2-23731093-0"}
fpga -file F:/study_vivado_ps/zc706_eth/vitis/zc706_eth_test/_ide/bitstream/design_1_wrapper.bit
targets -set -nocase -filter {name =~"APU*"}
loadhw -hw F:/study_vivado_ps/zc706_eth/vitis/zc706/export/zc706/hw/design_1_wrapper.xsa -mem-ranges [list {0x40000000 0xbfffffff}] -regs
configparams force-mem-access 1
targets -set -nocase -filter {name =~"APU*"}
source F:/study_vivado_ps/zc706_eth/vitis/zc706_eth_test/_ide/psinit/ps7_init.tcl
ps7_init
ps7_post_config
targets -set -nocase -filter {name =~ "*A9*#0"}
dow F:/study_vivado_ps/zc706_eth/vitis/zc706_eth_test/Debug/zc706_eth_test.elf
configparams force-mem-access 0
----------------End of Script----------------

16:35:28 INFO  : Context for processor 'ps7_cortexa9_0' is selected.
16:35:28 INFO  : 'con' command is executed.
16:35:28 INFO  : ----------------XSDB Script (After Launch)----------------
targets -set -nocase -filter {name =~ "*A9*#0"}
con
----------------End of Script----------------

16:35:28 INFO  : Launch script is exported to file 'F:\study_vivado_ps\zc706_eth\vitis\zc706_eth_test_system\_ide\scripts\systemdebugger_zc706_eth_test_system_standalone.tcl'
16:45:12 INFO  : No changes in MSS file content so sources will not be generated.
16:50:06 INFO  : Checking for BSP changes to sync application flags for project 'zc706_eth_test'...
16:50:38 INFO  : Checking for BSP changes to sync application flags for project 'zc706_eth_test'...
16:51:37 INFO  : Checking for BSP changes to sync application flags for project 'zc706_eth_test'...
16:51:46 INFO  : Checking for BSP changes to sync application flags for project 'zc706_eth_test'...
16:51:51 INFO  : Disconnected from the channel tcfchan#14.
16:51:51 INFO  : Connected to target on host '127.0.0.1' and port '3121'.
16:51:54 INFO  : Jtag cable 'Digilent JTAG-SMT2 210251A1B7E2' is selected.
16:51:54 INFO  : 'jtag frequency' command is executed.
16:51:54 INFO  : Context for 'APU' is selected.
16:51:54 INFO  : System reset is completed.
16:51:57 INFO  : 'after 3000' command is executed.
16:51:57 INFO  : 'targets -set -filter {jtag_cable_name =~ "Digilent JTAG-SMT2 210251A1B7E2" && level==0 && jtag_device_ctx=="jsn-JTAG-SMT2-210251A1B7E2-23731093-0"}' command is executed.
16:52:05 INFO  : Device configured successfully with "F:/study_vivado_ps/zc706_eth/vitis/zc706_eth_test/_ide/bitstream/design_1_wrapper.bit"
16:52:05 INFO  : Context for 'APU' is selected.
16:52:05 INFO  : Hardware design and registers information is loaded from 'F:/study_vivado_ps/zc706_eth/vitis/zc706/export/zc706/hw/design_1_wrapper.xsa'.
16:52:05 INFO  : 'configparams force-mem-access 1' command is executed.
16:52:05 INFO  : Context for 'APU' is selected.
16:52:05 INFO  : Sourcing of 'F:/study_vivado_ps/zc706_eth/vitis/zc706_eth_test/_ide/psinit/ps7_init.tcl' is done.
16:52:05 INFO  : 'ps7_init' command is executed.
16:52:05 INFO  : 'ps7_post_config' command is executed.
16:52:05 INFO  : Context for processor 'ps7_cortexa9_0' is selected.
16:52:06 INFO  : The application 'F:/study_vivado_ps/zc706_eth/vitis/zc706_eth_test/Debug/zc706_eth_test.elf' is downloaded to processor 'ps7_cortexa9_0'.
16:52:06 INFO  : 'configparams force-mem-access 0' command is executed.
16:52:06 INFO  : ----------------XSDB Script----------------
connect -url tcp:127.0.0.1:3121
targets -set -nocase -filter {name =~"APU*"}
rst -system
after 3000
targets -set -filter {jtag_cable_name =~ "Digilent JTAG-SMT2 210251A1B7E2" && level==0 && jtag_device_ctx=="jsn-JTAG-SMT2-210251A1B7E2-23731093-0"}
fpga -file F:/study_vivado_ps/zc706_eth/vitis/zc706_eth_test/_ide/bitstream/design_1_wrapper.bit
targets -set -nocase -filter {name =~"APU*"}
loadhw -hw F:/study_vivado_ps/zc706_eth/vitis/zc706/export/zc706/hw/design_1_wrapper.xsa -mem-ranges [list {0x40000000 0xbfffffff}] -regs
configparams force-mem-access 1
targets -set -nocase -filter {name =~"APU*"}
source F:/study_vivado_ps/zc706_eth/vitis/zc706_eth_test/_ide/psinit/ps7_init.tcl
ps7_init
ps7_post_config
targets -set -nocase -filter {name =~ "*A9*#0"}
dow F:/study_vivado_ps/zc706_eth/vitis/zc706_eth_test/Debug/zc706_eth_test.elf
configparams force-mem-access 0
----------------End of Script----------------

16:52:06 INFO  : Context for processor 'ps7_cortexa9_0' is selected.
16:52:06 INFO  : 'con' command is executed.
16:52:06 INFO  : ----------------XSDB Script (After Launch)----------------
targets -set -nocase -filter {name =~ "*A9*#0"}
con
----------------End of Script----------------

16:52:06 INFO  : Launch script is exported to file 'F:\study_vivado_ps\zc706_eth\vitis\zc706_eth_test_system\_ide\scripts\systemdebugger_zc706_eth_test_system_standalone.tcl'
17:14:27 INFO  : Checking for BSP changes to sync application flags for project 'zc706_eth_test'...
17:14:56 INFO  : Checking for BSP changes to sync application flags for project 'zc706_eth_test'...
17:15:24 INFO  : Checking for BSP changes to sync application flags for project 'zc706_eth_test'...
17:15:35 INFO  : Checking for BSP changes to sync application flags for project 'zc706_eth_test'...
17:15:50 INFO  : Checking for BSP changes to sync application flags for project 'zc706_eth_test'...
17:17:12 INFO  : Checking for BSP changes to sync application flags for project 'zc706_eth_test'...
17:17:45 INFO  : Checking for BSP changes to sync application flags for project 'zc706_eth_test'...
17:18:05 INFO  : Checking for BSP changes to sync application flags for project 'zc706_eth_test'...
17:18:07 INFO  : Disconnected from the channel tcfchan#15.
17:18:07 INFO  : Connected to target on host '127.0.0.1' and port '3121'.
17:18:07 INFO  : Jtag cable 'Digilent JTAG-SMT2 210251A1B7E2' is selected.
17:18:07 INFO  : 'jtag frequency' command is executed.
17:18:07 INFO  : Context for 'APU' is selected.
17:18:07 INFO  : System reset is completed.
17:18:10 INFO  : 'after 3000' command is executed.
17:18:10 INFO  : 'targets -set -filter {jtag_cable_name =~ "Digilent JTAG-SMT2 210251A1B7E2" && level==0 && jtag_device_ctx=="jsn-JTAG-SMT2-210251A1B7E2-23731093-0"}' command is executed.
17:18:18 INFO  : Device configured successfully with "F:/study_vivado_ps/zc706_eth/vitis/zc706_eth_test/_ide/bitstream/design_1_wrapper.bit"
17:18:18 INFO  : Context for 'APU' is selected.
17:18:18 INFO  : Hardware design and registers information is loaded from 'F:/study_vivado_ps/zc706_eth/vitis/zc706/export/zc706/hw/design_1_wrapper.xsa'.
17:18:18 INFO  : 'configparams force-mem-access 1' command is executed.
17:18:18 INFO  : Context for 'APU' is selected.
17:18:18 INFO  : Sourcing of 'F:/study_vivado_ps/zc706_eth/vitis/zc706_eth_test/_ide/psinit/ps7_init.tcl' is done.
17:18:19 INFO  : 'ps7_init' command is executed.
17:18:19 INFO  : 'ps7_post_config' command is executed.
17:18:19 INFO  : Context for processor 'ps7_cortexa9_0' is selected.
17:18:19 INFO  : The application 'F:/study_vivado_ps/zc706_eth/vitis/zc706_eth_test/Debug/zc706_eth_test.elf' is downloaded to processor 'ps7_cortexa9_0'.
17:18:19 INFO  : 'configparams force-mem-access 0' command is executed.
17:18:19 INFO  : ----------------XSDB Script----------------
connect -url tcp:127.0.0.1:3121
targets -set -nocase -filter {name =~"APU*"}
rst -system
after 3000
targets -set -filter {jtag_cable_name =~ "Digilent JTAG-SMT2 210251A1B7E2" && level==0 && jtag_device_ctx=="jsn-JTAG-SMT2-210251A1B7E2-23731093-0"}
fpga -file F:/study_vivado_ps/zc706_eth/vitis/zc706_eth_test/_ide/bitstream/design_1_wrapper.bit
targets -set -nocase -filter {name =~"APU*"}
loadhw -hw F:/study_vivado_ps/zc706_eth/vitis/zc706/export/zc706/hw/design_1_wrapper.xsa -mem-ranges [list {0x40000000 0xbfffffff}] -regs
configparams force-mem-access 1
targets -set -nocase -filter {name =~"APU*"}
source F:/study_vivado_ps/zc706_eth/vitis/zc706_eth_test/_ide/psinit/ps7_init.tcl
ps7_init
ps7_post_config
targets -set -nocase -filter {name =~ "*A9*#0"}
dow F:/study_vivado_ps/zc706_eth/vitis/zc706_eth_test/Debug/zc706_eth_test.elf
configparams force-mem-access 0
----------------End of Script----------------

17:18:19 INFO  : Context for processor 'ps7_cortexa9_0' is selected.
17:18:19 INFO  : 'con' command is executed.
17:18:19 INFO  : ----------------XSDB Script (After Launch)----------------
targets -set -nocase -filter {name =~ "*A9*#0"}
con
----------------End of Script----------------

17:18:19 INFO  : Launch script is exported to file 'F:\study_vivado_ps\zc706_eth\vitis\zc706_eth_test_system\_ide\scripts\systemdebugger_zc706_eth_test_system_standalone.tcl'
17:35:56 INFO  : Disconnected from the channel tcfchan#16.
15:50:51 INFO  : Launching XSCT server: xsct.bat -n  -interactive F:\study_vivado_ps\zc706_eth\vitis\temp_xsdb_launch_script.tcl
15:50:56 INFO  : XSCT server has started successfully.
15:50:56 INFO  : Successfully done setting XSCT server connection channel  
15:50:57 INFO  : plnx-install-location is set to ''
15:50:57 INFO  : Successfully done setting workspace for the tool. 
15:50:58 INFO  : Registering command handlers for Vitis TCF services
15:50:58 INFO  : Platform repository initialization has completed.
15:51:07 INFO  : Successfully done query RDI_DATADIR 
15:51:10 INFO  : Checking for BSP changes to sync application flags for project 'zc706_eth_test'...
15:52:26 INFO  : Checking for BSP changes to sync application flags for project 'zc706_eth_test'...
15:56:29 INFO  : Connected to target on host '127.0.0.1' and port '3121'.
15:56:30 INFO  : Jtag cable 'Digilent JTAG-SMT2 210251A1B7E2' is selected.
15:56:30 INFO  : 'jtag frequency' command is executed.
15:56:30 INFO  : Context for 'APU' is selected.
15:56:30 INFO  : System reset is completed.
15:56:33 INFO  : 'after 3000' command is executed.
15:56:33 INFO  : 'targets -set -filter {jtag_cable_name =~ "Digilent JTAG-SMT2 210251A1B7E2" && level==0 && jtag_device_ctx=="jsn-JTAG-SMT2-210251A1B7E2-23731093-0"}' command is executed.
15:56:41 INFO  : Device configured successfully with "F:/study_vivado_ps/zc706_eth/vitis/zc706_eth_test/_ide/bitstream/design_1_wrapper.bit"
15:56:41 INFO  : Context for 'APU' is selected.
15:56:41 INFO  : Hardware design and registers information is loaded from 'F:/study_vivado_ps/zc706_eth/vitis/zc706/export/zc706/hw/design_1_wrapper.xsa'.
15:56:41 INFO  : 'configparams force-mem-access 1' command is executed.
15:56:41 INFO  : Context for 'APU' is selected.
15:56:41 INFO  : Sourcing of 'F:/study_vivado_ps/zc706_eth/vitis/zc706_eth_test/_ide/psinit/ps7_init.tcl' is done.
15:56:42 INFO  : 'ps7_init' command is executed.
15:56:42 INFO  : 'ps7_post_config' command is executed.
15:56:42 INFO  : Context for processor 'ps7_cortexa9_0' is selected.
15:56:42 INFO  : The application 'F:/study_vivado_ps/zc706_eth/vitis/zc706_eth_test/Debug/zc706_eth_test.elf' is downloaded to processor 'ps7_cortexa9_0'.
15:56:43 INFO  : 'configparams force-mem-access 0' command is executed.
15:56:43 INFO  : ----------------XSDB Script----------------
connect -url tcp:127.0.0.1:3121
targets -set -nocase -filter {name =~"APU*"}
rst -system
after 3000
targets -set -filter {jtag_cable_name =~ "Digilent JTAG-SMT2 210251A1B7E2" && level==0 && jtag_device_ctx=="jsn-JTAG-SMT2-210251A1B7E2-23731093-0"}
fpga -file F:/study_vivado_ps/zc706_eth/vitis/zc706_eth_test/_ide/bitstream/design_1_wrapper.bit
targets -set -nocase -filter {name =~"APU*"}
loadhw -hw F:/study_vivado_ps/zc706_eth/vitis/zc706/export/zc706/hw/design_1_wrapper.xsa -mem-ranges [list {0x40000000 0xbfffffff}] -regs
configparams force-mem-access 1
targets -set -nocase -filter {name =~"APU*"}
source F:/study_vivado_ps/zc706_eth/vitis/zc706_eth_test/_ide/psinit/ps7_init.tcl
ps7_init
ps7_post_config
targets -set -nocase -filter {name =~ "*A9*#0"}
dow F:/study_vivado_ps/zc706_eth/vitis/zc706_eth_test/Debug/zc706_eth_test.elf
configparams force-mem-access 0
----------------End of Script----------------

15:56:43 INFO  : Context for processor 'ps7_cortexa9_0' is selected.
15:56:43 INFO  : 'con' command is executed.
15:56:43 INFO  : ----------------XSDB Script (After Launch)----------------
targets -set -nocase -filter {name =~ "*A9*#0"}
con
----------------End of Script----------------

15:56:43 INFO  : Launch script is exported to file 'F:\study_vivado_ps\zc706_eth\vitis\zc706_eth_test_system\_ide\scripts\systemdebugger_zc706_eth_test_system_standalone.tcl'
16:05:01 INFO  : Checking for BSP changes to sync application flags for project 'zc706_eth_test'...
16:05:14 INFO  : Checking for BSP changes to sync application flags for project 'zc706_eth_test'...
16:10:25 INFO  : Checking for BSP changes to sync application flags for project 'zc706_eth_test'...
16:11:44 INFO  : Checking for BSP changes to sync application flags for project 'zc706_eth_test'...
16:12:31 INFO  : Checking for BSP changes to sync application flags for project 'zc706_eth_test'...
16:13:04 INFO  : Checking for BSP changes to sync application flags for project 'zc706_eth_test'...
16:16:24 INFO  : Checking for BSP changes to sync application flags for project 'zc706_eth_test'...
16:17:39 INFO  : Checking for BSP changes to sync application flags for project 'zc706_eth_test'...
16:18:11 INFO  : Disconnected from the channel tcfchan#1.
16:18:11 INFO  : Connected to target on host '127.0.0.1' and port '3121'.
16:18:12 INFO  : Jtag cable 'Digilent JTAG-SMT2 210251A1B7E2' is selected.
16:18:12 INFO  : 'jtag frequency' command is executed.
16:18:12 INFO  : Context for 'APU' is selected.
16:18:12 INFO  : System reset is completed.
16:18:15 INFO  : 'after 3000' command is executed.
16:18:16 INFO  : 'targets -set -filter {jtag_cable_name =~ "Digilent JTAG-SMT2 210251A1B7E2" && level==0 && jtag_device_ctx=="jsn-JTAG-SMT2-210251A1B7E2-23731093-0"}' command is executed.
16:18:23 INFO  : Device configured successfully with "F:/study_vivado_ps/zc706_eth/vitis/zc706_eth_test/_ide/bitstream/design_1_wrapper.bit"
16:18:23 INFO  : Context for 'APU' is selected.
16:18:26 INFO  : Hardware design and registers information is loaded from 'F:/study_vivado_ps/zc706_eth/vitis/zc706/export/zc706/hw/design_1_wrapper.xsa'.
16:18:26 INFO  : 'configparams force-mem-access 1' command is executed.
16:18:26 INFO  : Context for 'APU' is selected.
16:18:26 INFO  : Sourcing of 'F:/study_vivado_ps/zc706_eth/vitis/zc706_eth_test/_ide/psinit/ps7_init.tcl' is done.
16:18:27 INFO  : 'ps7_init' command is executed.
16:18:27 INFO  : 'ps7_post_config' command is executed.
16:18:27 INFO  : Context for processor 'ps7_cortexa9_0' is selected.
16:18:28 INFO  : The application 'F:/study_vivado_ps/zc706_eth/vitis/zc706_eth_test/Debug/zc706_eth_test.elf' is downloaded to processor 'ps7_cortexa9_0'.
16:18:28 INFO  : 'configparams force-mem-access 0' command is executed.
16:18:28 INFO  : ----------------XSDB Script----------------
connect -url tcp:127.0.0.1:3121
targets -set -nocase -filter {name =~"APU*"}
rst -system
after 3000
targets -set -filter {jtag_cable_name =~ "Digilent JTAG-SMT2 210251A1B7E2" && level==0 && jtag_device_ctx=="jsn-JTAG-SMT2-210251A1B7E2-23731093-0"}
fpga -file F:/study_vivado_ps/zc706_eth/vitis/zc706_eth_test/_ide/bitstream/design_1_wrapper.bit
targets -set -nocase -filter {name =~"APU*"}
loadhw -hw F:/study_vivado_ps/zc706_eth/vitis/zc706/export/zc706/hw/design_1_wrapper.xsa -mem-ranges [list {0x40000000 0xbfffffff}] -regs
configparams force-mem-access 1
targets -set -nocase -filter {name =~"APU*"}
source F:/study_vivado_ps/zc706_eth/vitis/zc706_eth_test/_ide/psinit/ps7_init.tcl
ps7_init
ps7_post_config
targets -set -nocase -filter {name =~ "*A9*#0"}
dow F:/study_vivado_ps/zc706_eth/vitis/zc706_eth_test/Debug/zc706_eth_test.elf
configparams force-mem-access 0
----------------End of Script----------------

16:18:28 INFO  : Context for processor 'ps7_cortexa9_0' is selected.
16:18:28 INFO  : 'con' command is executed.
16:18:28 INFO  : ----------------XSDB Script (After Launch)----------------
targets -set -nocase -filter {name =~ "*A9*#0"}
con
----------------End of Script----------------

16:18:28 INFO  : Launch script is exported to file 'F:\study_vivado_ps\zc706_eth\vitis\zc706_eth_test_system\_ide\scripts\systemdebugger_zc706_eth_test_system_standalone.tcl'
16:22:34 INFO  : Disconnected from the channel tcfchan#2.
